[0.358s] DEBUG:colcon:Command line arguments: ['/usr/bin/colcon', 'build']
[0.358s] DEBUG:colcon:Parsed command line arguments: Namespace(log_base=None, log_level=None, verb_name='build', build_base='build', install_base='install', merge_install=False, symlink_install=False, test_result_base=None, continue_on_error=False, executor='parallel', parallel_workers=16, event_handlers=None, ignore_user_meta=False, metas=['./colcon.meta'], base_paths=['.'], packages_ignore=None, packages_ignore_regex=None, paths=None, packages_up_to=None, packages_up_to_regex=None, packages_above=None, packages_above_and_dependencies=None, packages_above_depth=None, packages_select_by_dep=None, packages_skip_by_dep=None, packages_skip_up_to=None, packages_select_build_failed=False, packages_skip_build_finished=False, packages_select_test_failures=False, packages_skip_test_passed=False, packages_select=None, packages_skip=None, packages_select_regex=None, packages_skip_regex=None, packages_start=None, packages_end=None, allow_overriding=[], cmake_args=None, cmake_target=None, cmake_target_skip_unavailable=False, cmake_clean_cache=False, cmake_clean_first=False, cmake_force_configure=False, ament_cmake_args=None, catkin_cmake_args=None, catkin_skip_building_tests=False, verb_parser=<colcon_defaults.argument_parser.defaults.DefaultArgumentsDecorator object at 0x7f4a6e3fc3d0>, verb_extension=<colcon_core.verb.build.BuildVerb object at 0x7f4a6e5e5a50>, main=<bound method BuildVerb.main of <colcon_core.verb.build.BuildVerb object at 0x7f4a6e5e5a50>>)
[0.869s] Level 1:colcon.colcon_core.package_discovery:discover_packages(colcon_meta) check parameters
[0.869s] Level 1:colcon.colcon_core.package_discovery:discover_packages(recursive) check parameters
[0.869s] Level 1:colcon.colcon_core.package_discovery:discover_packages(ignore) check parameters
[0.869s] Level 1:colcon.colcon_core.package_discovery:discover_packages(path) check parameters
[0.869s] Level 1:colcon.colcon_core.package_discovery:discover_packages(colcon_meta) discover
[0.869s] Level 1:colcon.colcon_core.package_discovery:discover_packages(recursive) discover
[0.869s] INFO:colcon.colcon_core.package_discovery:Crawling recursively for packages in '/home/user/ws_humble_urdf'
[0.870s] Level 1:colcon.colcon_core.package_identification:_identify(.) by extensions ['ignore', 'ignore_ament_install']
[0.870s] Level 1:colcon.colcon_core.package_identification:_identify(.) by extension 'ignore'
[0.870s] Level 1:colcon.colcon_core.package_identification:_identify(.) by extension 'ignore_ament_install'
[0.870s] Level 1:colcon.colcon_core.package_identification:_identify(.) by extensions ['colcon_pkg']
[0.870s] Level 1:colcon.colcon_core.package_identification:_identify(.) by extension 'colcon_pkg'
[0.870s] Level 1:colcon.colcon_core.package_identification:_identify(.) by extensions ['colcon_meta']
[0.870s] Level 1:colcon.colcon_core.package_identification:_identify(.) by extension 'colcon_meta'
[0.870s] Level 1:colcon.colcon_core.package_identification:_identify(.) by extensions ['ros']
[0.870s] Level 1:colcon.colcon_core.package_identification:_identify(.) by extension 'ros'
[0.890s] Level 1:colcon.colcon_core.package_identification:_identify(.) by extensions ['cmake', 'python']
[0.890s] Level 1:colcon.colcon_core.package_identification:_identify(.) by extension 'cmake'
[0.890s] Level 1:colcon.colcon_core.package_identification:_identify(.) by extension 'python'
[0.890s] Level 1:colcon.colcon_core.package_identification:_identify(.) by extensions ['python_setup_py']
[0.890s] Level 1:colcon.colcon_core.package_identification:_identify(.) by extension 'python_setup_py'
[0.892s] Level 1:colcon.colcon_core.package_identification:_identify(build) by extensions ['ignore', 'ignore_ament_install']
[0.892s] Level 1:colcon.colcon_core.package_identification:_identify(build) by extension 'ignore'
[0.892s] Level 1:colcon.colcon_core.package_identification:_identify(build) ignored
[0.893s] Level 1:colcon.colcon_core.package_identification:_identify(install) by extensions ['ignore', 'ignore_ament_install']
[0.893s] Level 1:colcon.colcon_core.package_identification:_identify(install) by extension 'ignore'
[0.893s] Level 1:colcon.colcon_core.package_identification:_identify(install) ignored
[0.893s] Level 1:colcon.colcon_core.package_identification:_identify(log) by extensions ['ignore', 'ignore_ament_install']
[0.893s] Level 1:colcon.colcon_core.package_identification:_identify(log) by extension 'ignore'
[0.893s] Level 1:colcon.colcon_core.package_identification:_identify(log) ignored
[0.893s] Level 1:colcon.colcon_core.package_identification:_identify(src) by extensions ['ignore', 'ignore_ament_install']
[0.893s] Level 1:colcon.colcon_core.package_identification:_identify(src) by extension 'ignore'
[0.893s] Level 1:colcon.colcon_core.package_identification:_identify(src) by extension 'ignore_ament_install'
[0.893s] Level 1:colcon.colcon_core.package_identification:_identify(src) by extensions ['colcon_pkg']
[0.893s] Level 1:colcon.colcon_core.package_identification:_identify(src) by extension 'colcon_pkg'
[0.893s] Level 1:colcon.colcon_core.package_identification:_identify(src) by extensions ['colcon_meta']
[0.893s] Level 1:colcon.colcon_core.package_identification:_identify(src) by extension 'colcon_meta'
[0.893s] Level 1:colcon.colcon_core.package_identification:_identify(src) by extensions ['ros']
[0.893s] Level 1:colcon.colcon_core.package_identification:_identify(src) by extension 'ros'
[0.893s] Level 1:colcon.colcon_core.package_identification:_identify(src) by extensions ['cmake', 'python']
[0.893s] Level 1:colcon.colcon_core.package_identification:_identify(src) by extension 'cmake'
[0.893s] Level 1:colcon.colcon_core.package_identification:_identify(src) by extension 'python'
[0.893s] Level 1:colcon.colcon_core.package_identification:_identify(src) by extensions ['python_setup_py']
[0.893s] Level 1:colcon.colcon_core.package_identification:_identify(src) by extension 'python_setup_py'
[0.894s] Level 1:colcon.colcon_core.package_identification:_identify(src/urdf_humble_test) by extensions ['ignore', 'ignore_ament_install']
[0.894s] Level 1:colcon.colcon_core.package_identification:_identify(src/urdf_humble_test) by extension 'ignore'
[0.894s] Level 1:colcon.colcon_core.package_identification:_identify(src/urdf_humble_test) by extension 'ignore_ament_install'
[0.894s] Level 1:colcon.colcon_core.package_identification:_identify(src/urdf_humble_test) by extensions ['colcon_pkg']
[0.894s] Level 1:colcon.colcon_core.package_identification:_identify(src/urdf_humble_test) by extension 'colcon_pkg'
[0.894s] Level 1:colcon.colcon_core.package_identification:_identify(src/urdf_humble_test) by extensions ['colcon_meta']
[0.894s] Level 1:colcon.colcon_core.package_identification:_identify(src/urdf_humble_test) by extension 'colcon_meta'
[0.894s] Level 1:colcon.colcon_core.package_identification:_identify(src/urdf_humble_test) by extensions ['ros']
[0.894s] Level 1:colcon.colcon_core.package_identification:_identify(src/urdf_humble_test) by extension 'ros'
[0.897s] DEBUG:colcon.colcon_core.package_identification:Package 'src/urdf_humble_test' with type 'ros.ament_cmake' and name 'urdf_humble_test'
[0.898s] Level 1:colcon.colcon_core.package_identification:_identify(src/urdf_py) by extensions ['ignore', 'ignore_ament_install']
[0.898s] Level 1:colcon.colcon_core.package_identification:_identify(src/urdf_py) by extension 'ignore'
[0.898s] Level 1:colcon.colcon_core.package_identification:_identify(src/urdf_py) by extension 'ignore_ament_install'
[0.898s] Level 1:colcon.colcon_core.package_identification:_identify(src/urdf_py) by extensions ['colcon_pkg']
[0.898s] Level 1:colcon.colcon_core.package_identification:_identify(src/urdf_py) by extension 'colcon_pkg'
[0.898s] Level 1:colcon.colcon_core.package_identification:_identify(src/urdf_py) by extensions ['colcon_meta']
[0.898s] Level 1:colcon.colcon_core.package_identification:_identify(src/urdf_py) by extension 'colcon_meta'
[0.898s] Level 1:colcon.colcon_core.package_identification:_identify(src/urdf_py) by extensions ['ros']
[0.898s] Level 1:colcon.colcon_core.package_identification:_identify(src/urdf_py) by extension 'ros'
[0.898s] DEBUG:colcon.colcon_core.package_identification:Package 'src/urdf_py' with type 'ros.ament_python' and name 'urdf_py'
[0.898s] Level 1:colcon.colcon_core.package_discovery:discover_packages(recursive) using defaults
[0.899s] Level 1:colcon.colcon_core.package_discovery:discover_packages(ignore) discover
[0.899s] Level 1:colcon.colcon_core.package_discovery:discover_packages(ignore) using defaults
[0.899s] Level 1:colcon.colcon_core.package_discovery:discover_packages(path) discover
[0.899s] Level 1:colcon.colcon_core.package_discovery:discover_packages(path) using defaults
[0.937s] Level 1:colcon.colcon_core.package_discovery:discover_packages(prefix_path) check parameters
[0.937s] Level 1:colcon.colcon_core.package_discovery:discover_packages(prefix_path) discover
[0.945s] DEBUG:colcon.colcon_installed_package_information.package_discovery:Found 2 installed packages in /home/user/ws_humble_urdf/install
[0.946s] DEBUG:colcon.colcon_installed_package_information.package_discovery:Found 2 installed packages in /home/user/ros2_ws/install
[0.947s] DEBUG:colcon.colcon_installed_package_information.package_discovery:Found 296 installed packages in /opt/ros/humble
[0.948s] Level 1:colcon.colcon_core.package_discovery:discover_packages(prefix_path) using defaults
[1.057s] Level 5:colcon.colcon_core.verb:set package 'urdf_humble_test' build argument 'cmake_args' from command line to 'None'
[1.057s] Level 5:colcon.colcon_core.verb:set package 'urdf_humble_test' build argument 'cmake_target' from command line to 'None'
[1.057s] Level 5:colcon.colcon_core.verb:set package 'urdf_humble_test' build argument 'cmake_target_skip_unavailable' from command line to 'False'
[1.057s] Level 5:colcon.colcon_core.verb:set package 'urdf_humble_test' build argument 'cmake_clean_cache' from command line to 'False'
[1.057s] Level 5:colcon.colcon_core.verb:set package 'urdf_humble_test' build argument 'cmake_clean_first' from command line to 'False'
[1.057s] Level 5:colcon.colcon_core.verb:set package 'urdf_humble_test' build argument 'cmake_force_configure' from command line to 'False'
[1.057s] Level 5:colcon.colcon_core.verb:set package 'urdf_humble_test' build argument 'ament_cmake_args' from command line to 'None'
[1.057s] Level 5:colcon.colcon_core.verb:set package 'urdf_humble_test' build argument 'catkin_cmake_args' from command line to 'None'
[1.057s] Level 5:colcon.colcon_core.verb:set package 'urdf_humble_test' build argument 'catkin_skip_building_tests' from command line to 'False'
[1.057s] DEBUG:colcon.colcon_core.verb:Building package 'urdf_humble_test' with the following arguments: {'ament_cmake_args': None, 'build_base': '/home/user/ws_humble_urdf/build/urdf_humble_test', 'catkin_cmake_args': None, 'catkin_skip_building_tests': False, 'cmake_args': None, 'cmake_clean_cache': False, 'cmake_clean_first': False, 'cmake_force_configure': False, 'cmake_target': None, 'cmake_target_skip_unavailable': False, 'install_base': '/home/user/ws_humble_urdf/install/urdf_humble_test', 'merge_install': False, 'path': '/home/user/ws_humble_urdf/src/urdf_humble_test', 'symlink_install': False, 'test_result_base': None}
[1.057s] Level 5:colcon.colcon_core.verb:set package 'urdf_py' build argument 'cmake_args' from command line to 'None'
[1.057s] Level 5:colcon.colcon_core.verb:set package 'urdf_py' build argument 'cmake_target' from command line to 'None'
[1.057s] Level 5:colcon.colcon_core.verb:set package 'urdf_py' build argument 'cmake_target_skip_unavailable' from command line to 'False'
[1.057s] Level 5:colcon.colcon_core.verb:set package 'urdf_py' build argument 'cmake_clean_cache' from command line to 'False'
[1.057s] Level 5:colcon.colcon_core.verb:set package 'urdf_py' build argument 'cmake_clean_first' from command line to 'False'
[1.057s] Level 5:colcon.colcon_core.verb:set package 'urdf_py' build argument 'cmake_force_configure' from command line to 'False'
[1.057s] Level 5:colcon.colcon_core.verb:set package 'urdf_py' build argument 'ament_cmake_args' from command line to 'None'
[1.057s] Level 5:colcon.colcon_core.verb:set package 'urdf_py' build argument 'catkin_cmake_args' from command line to 'None'
[1.057s] Level 5:colcon.colcon_core.verb:set package 'urdf_py' build argument 'catkin_skip_building_tests' from command line to 'False'
[1.057s] DEBUG:colcon.colcon_core.verb:Building package 'urdf_py' with the following arguments: {'ament_cmake_args': None, 'build_base': '/home/user/ws_humble_urdf/build/urdf_py', 'catkin_cmake_args': None, 'catkin_skip_building_tests': False, 'cmake_args': None, 'cmake_clean_cache': False, 'cmake_clean_first': False, 'cmake_force_configure': False, 'cmake_target': None, 'cmake_target_skip_unavailable': False, 'install_base': '/home/user/ws_humble_urdf/install/urdf_py', 'merge_install': False, 'path': '/home/user/ws_humble_urdf/src/urdf_py', 'symlink_install': False, 'test_result_base': None}
[1.057s] INFO:colcon.colcon_core.executor:Executing jobs using 'parallel' executor
[1.059s] DEBUG:colcon.colcon_parallel_executor.executor.parallel:run_until_complete
[1.059s] INFO:colcon.colcon_ros.task.ament_cmake.build:Building ROS package in '/home/user/ws_humble_urdf/src/urdf_humble_test' with build type 'ament_cmake'
[1.059s] INFO:colcon.colcon_cmake.task.cmake.build:Building CMake package in '/home/user/ws_humble_urdf/src/urdf_humble_test'
[1.069s] INFO:colcon.colcon_core.plugin_system:Skipping extension 'colcon_core.shell.bat': Not used on non-Windows systems
[1.070s] INFO:colcon.colcon_core.shell:Skip shell extension 'powershell' for command environment: Not usable outside of PowerShell
[1.070s] DEBUG:colcon.colcon_core.shell:Skip shell extension 'dsv' for command environment
[1.074s] INFO:colcon.colcon_ros.task.ament_python.build:Building ROS package in '/home/user/ws_humble_urdf/src/urdf_py' with build type 'ament_python'
[1.074s] Level 1:colcon.colcon_core.shell:create_environment_hook('urdf_py', 'ament_prefix_path')
[1.075s] INFO:colcon.colcon_core.shell:Creating environment hook '/home/user/ws_humble_urdf/install/urdf_py/share/urdf_py/hook/ament_prefix_path.ps1'
[1.076s] INFO:colcon.colcon_core.shell:Creating environment descriptor '/home/user/ws_humble_urdf/install/urdf_py/share/urdf_py/hook/ament_prefix_path.dsv'
[1.077s] INFO:colcon.colcon_core.shell:Creating environment hook '/home/user/ws_humble_urdf/install/urdf_py/share/urdf_py/hook/ament_prefix_path.sh'
[1.078s] INFO:colcon.colcon_core.shell:Skip shell extension 'powershell' for command environment: Not usable outside of PowerShell
[1.078s] DEBUG:colcon.colcon_core.shell:Skip shell extension 'dsv' for command environment
[1.088s] DEBUG:colcon.colcon_core.event_handler.log_command:Invoking command in '/home/user/ws_humble_urdf/build/urdf_humble_test': CMAKE_PREFIX_PATH=${CMAKE_PREFIX_PATH}:/home/user/ws_humble_urdf/install/urdf_py:/home/user/ros2_ws/install/my_robot_controller:/opt/ros/humble /usr/bin/cmake --build /home/user/ws_humble_urdf/build/urdf_humble_test -- -j16 -l16
[1.337s] INFO:colcon.colcon_core.task.python.build:Building Python package in '/home/user/ws_humble_urdf/src/urdf_py'
[1.337s] INFO:colcon.colcon_core.shell:Skip shell extension 'powershell' for command environment: Not usable outside of PowerShell
[1.337s] DEBUG:colcon.colcon_core.shell:Skip shell extension 'dsv' for command environment
[1.344s] DEBUG:colcon.colcon_core.event_handler.log_command:Invoked command in '/home/user/ws_humble_urdf/build/urdf_humble_test' returned '0': CMAKE_PREFIX_PATH=${CMAKE_PREFIX_PATH}:/home/user/ws_humble_urdf/install/urdf_py:/home/user/ros2_ws/install/my_robot_controller:/opt/ros/humble /usr/bin/cmake --build /home/user/ws_humble_urdf/build/urdf_humble_test -- -j16 -l16
[1.355s] DEBUG:colcon.colcon_core.event_handler.log_command:Invoking command in '/home/user/ws_humble_urdf/build/urdf_humble_test': CMAKE_PREFIX_PATH=${CMAKE_PREFIX_PATH}:/home/user/ws_humble_urdf/install/urdf_py:/home/user/ros2_ws/install/my_robot_controller:/opt/ros/humble /usr/bin/cmake --install /home/user/ws_humble_urdf/build/urdf_humble_test
[1.371s] Level 1:colcon.colcon_core.environment:create_environment_scripts_only(urdf_humble_test)
[1.372s] DEBUG:colcon.colcon_core.event_handler.log_command:Invoked command in '/home/user/ws_humble_urdf/build/urdf_humble_test' returned '0': CMAKE_PREFIX_PATH=${CMAKE_PREFIX_PATH}:/home/user/ws_humble_urdf/install/urdf_py:/home/user/ros2_ws/install/my_robot_controller:/opt/ros/humble /usr/bin/cmake --install /home/user/ws_humble_urdf/build/urdf_humble_test
[1.382s] Level 1:colcon.colcon_core.environment:checking '/home/user/ws_humble_urdf/install/urdf_humble_test' for CMake module files
[1.383s] Level 1:colcon.colcon_core.environment:checking '/home/user/ws_humble_urdf/install/urdf_humble_test' for CMake config files
[1.385s] Level 1:colcon.colcon_core.shell:create_environment_hook('urdf_humble_test', 'cmake_prefix_path')
[1.385s] INFO:colcon.colcon_core.shell:Creating environment hook '/home/user/ws_humble_urdf/install/urdf_humble_test/share/urdf_humble_test/hook/cmake_prefix_path.ps1'
[1.386s] INFO:colcon.colcon_core.shell:Creating environment descriptor '/home/user/ws_humble_urdf/install/urdf_humble_test/share/urdf_humble_test/hook/cmake_prefix_path.dsv'
[1.386s] INFO:colcon.colcon_core.shell:Creating environment hook '/home/user/ws_humble_urdf/install/urdf_humble_test/share/urdf_humble_test/hook/cmake_prefix_path.sh'
[1.387s] Level 1:colcon.colcon_core.environment:checking '/home/user/ws_humble_urdf/install/urdf_humble_test/bin'
[1.387s] Level 1:colcon.colcon_core.environment:checking '/home/user/ws_humble_urdf/install/urdf_humble_test/lib/pkgconfig/urdf_humble_test.pc'
[1.388s] Level 1:colcon.colcon_core.environment:checking '/home/user/ws_humble_urdf/install/urdf_humble_test/lib/python3.10/site-packages'
[1.388s] Level 1:colcon.colcon_core.environment:checking '/home/user/ws_humble_urdf/install/urdf_humble_test/bin'
[1.388s] INFO:colcon.colcon_core.shell:Creating package script '/home/user/ws_humble_urdf/install/urdf_humble_test/share/urdf_humble_test/package.ps1'
[1.390s] INFO:colcon.colcon_core.shell:Creating package descriptor '/home/user/ws_humble_urdf/install/urdf_humble_test/share/urdf_humble_test/package.dsv'
[1.391s] INFO:colcon.colcon_core.shell:Creating package script '/home/user/ws_humble_urdf/install/urdf_humble_test/share/urdf_humble_test/package.sh'
[1.393s] INFO:colcon.colcon_core.shell:Creating package script '/home/user/ws_humble_urdf/install/urdf_humble_test/share/urdf_humble_test/package.bash'
[1.395s] INFO:colcon.colcon_core.shell:Creating package script '/home/user/ws_humble_urdf/install/urdf_humble_test/share/urdf_humble_test/package.zsh'
[1.396s] Level 1:colcon.colcon_core.environment:create_file_with_runtime_dependencies(/home/user/ws_humble_urdf/install/urdf_humble_test/share/colcon-core/packages/urdf_humble_test)
[1.397s] Level 1:colcon.colcon_core.environment:create_environment_scripts_only(urdf_humble_test)
[1.398s] Level 1:colcon.colcon_core.environment:checking '/home/user/ws_humble_urdf/install/urdf_humble_test' for CMake module files
[1.398s] Level 1:colcon.colcon_core.environment:checking '/home/user/ws_humble_urdf/install/urdf_humble_test' for CMake config files
[1.398s] Level 1:colcon.colcon_core.shell:create_environment_hook('urdf_humble_test', 'cmake_prefix_path')
[1.399s] INFO:colcon.colcon_core.shell:Creating environment hook '/home/user/ws_humble_urdf/install/urdf_humble_test/share/urdf_humble_test/hook/cmake_prefix_path.ps1'
[1.399s] INFO:colcon.colcon_core.shell:Creating environment descriptor '/home/user/ws_humble_urdf/install/urdf_humble_test/share/urdf_humble_test/hook/cmake_prefix_path.dsv'
[1.400s] INFO:colcon.colcon_core.shell:Creating environment hook '/home/user/ws_humble_urdf/install/urdf_humble_test/share/urdf_humble_test/hook/cmake_prefix_path.sh'
[1.400s] Level 1:colcon.colcon_core.environment:checking '/home/user/ws_humble_urdf/install/urdf_humble_test/bin'
[1.400s] Level 1:colcon.colcon_core.environment:checking '/home/user/ws_humble_urdf/install/urdf_humble_test/lib/pkgconfig/urdf_humble_test.pc'
[1.401s] Level 1:colcon.colcon_core.environment:checking '/home/user/ws_humble_urdf/install/urdf_humble_test/lib/python3.10/site-packages'
[1.401s] Level 1:colcon.colcon_core.environment:checking '/home/user/ws_humble_urdf/install/urdf_humble_test/bin'
[1.402s] INFO:colcon.colcon_core.shell:Creating package script '/home/user/ws_humble_urdf/install/urdf_humble_test/share/urdf_humble_test/package.ps1'
[1.402s] INFO:colcon.colcon_core.shell:Creating package descriptor '/home/user/ws_humble_urdf/install/urdf_humble_test/share/urdf_humble_test/package.dsv'
[1.403s] INFO:colcon.colcon_core.shell:Creating package script '/home/user/ws_humble_urdf/install/urdf_humble_test/share/urdf_humble_test/package.sh'
[1.403s] INFO:colcon.colcon_core.shell:Creating package script '/home/user/ws_humble_urdf/install/urdf_humble_test/share/urdf_humble_test/package.bash'
[1.404s] INFO:colcon.colcon_core.shell:Creating package script '/home/user/ws_humble_urdf/install/urdf_humble_test/share/urdf_humble_test/package.zsh'
[1.404s] Level 1:colcon.colcon_core.environment:create_file_with_runtime_dependencies(/home/user/ws_humble_urdf/install/urdf_humble_test/share/colcon-core/packages/urdf_humble_test)
[1.909s] DEBUG:colcon.colcon_core.event_handler.log_command:Invoking command in '/home/user/ws_humble_urdf/src/urdf_py': PYTHONPATH=/home/user/ws_humble_urdf/build/urdf_py/prefix_override:/usr/lib/python3/dist-packages/colcon_core/task/python/colcon_distutils_commands:/home/user/ws_humble_urdf/install/urdf_py/lib/python3.10/site-packages:${PYTHONPATH} /usr/bin/python3 -W ignore:setup.py install is deprecated -W ignore:easy_install command is deprecated setup.py egg_info --egg-base ../../build/urdf_py build --build-base /home/user/ws_humble_urdf/build/urdf_py/build install --record /home/user/ws_humble_urdf/build/urdf_py/install.log --single-version-externally-managed install_data
[2.147s] Level 1:colcon.colcon_core.environment:checking '/home/user/ws_humble_urdf/install/urdf_py' for CMake module files
[2.148s] DEBUG:colcon.colcon_core.event_handler.log_command:Invoked command in '/home/user/ws_humble_urdf/src/urdf_py' returned '0': PYTHONPATH=/home/user/ws_humble_urdf/build/urdf_py/prefix_override:/usr/lib/python3/dist-packages/colcon_core/task/python/colcon_distutils_commands:/home/user/ws_humble_urdf/install/urdf_py/lib/python3.10/site-packages:${PYTHONPATH} /usr/bin/python3 -W ignore:setup.py install is deprecated -W ignore:easy_install command is deprecated setup.py egg_info --egg-base ../../build/urdf_py build --build-base /home/user/ws_humble_urdf/build/urdf_py/build install --record /home/user/ws_humble_urdf/build/urdf_py/install.log --single-version-externally-managed install_data
[2.149s] Level 1:colcon.colcon_core.environment:checking '/home/user/ws_humble_urdf/install/urdf_py' for CMake config files
[2.155s] Level 1:colcon.colcon_core.environment:checking '/home/user/ws_humble_urdf/install/urdf_py/lib'
[2.155s] Level 1:colcon.colcon_core.environment:checking '/home/user/ws_humble_urdf/install/urdf_py/bin'
[2.155s] Level 1:colcon.colcon_core.environment:checking '/home/user/ws_humble_urdf/install/urdf_py/lib/pkgconfig/urdf_py.pc'
[2.156s] Level 1:colcon.colcon_core.environment:checking '/home/user/ws_humble_urdf/install/urdf_py/lib/python3.10/site-packages'
[2.156s] Level 1:colcon.colcon_core.shell:create_environment_hook('urdf_py', 'pythonpath')
[2.156s] INFO:colcon.colcon_core.shell:Creating environment hook '/home/user/ws_humble_urdf/install/urdf_py/share/urdf_py/hook/pythonpath.ps1'
[2.156s] INFO:colcon.colcon_core.shell:Creating environment descriptor '/home/user/ws_humble_urdf/install/urdf_py/share/urdf_py/hook/pythonpath.dsv'
[2.157s] INFO:colcon.colcon_core.shell:Creating environment hook '/home/user/ws_humble_urdf/install/urdf_py/share/urdf_py/hook/pythonpath.sh'
[2.157s] Level 1:colcon.colcon_core.environment:checking '/home/user/ws_humble_urdf/install/urdf_py/bin'
[2.157s] Level 1:colcon.colcon_core.environment:create_environment_scripts_only(urdf_py)
[2.157s] INFO:colcon.colcon_core.shell:Creating package script '/home/user/ws_humble_urdf/install/urdf_py/share/urdf_py/package.ps1'
[2.158s] INFO:colcon.colcon_core.shell:Creating package descriptor '/home/user/ws_humble_urdf/install/urdf_py/share/urdf_py/package.dsv'
[2.158s] INFO:colcon.colcon_core.shell:Creating package script '/home/user/ws_humble_urdf/install/urdf_py/share/urdf_py/package.sh'
[2.158s] INFO:colcon.colcon_core.shell:Creating package script '/home/user/ws_humble_urdf/install/urdf_py/share/urdf_py/package.bash'
[2.159s] INFO:colcon.colcon_core.shell:Creating package script '/home/user/ws_humble_urdf/install/urdf_py/share/urdf_py/package.zsh'
[2.159s] Level 1:colcon.colcon_core.environment:create_file_with_runtime_dependencies(/home/user/ws_humble_urdf/install/urdf_py/share/colcon-core/packages/urdf_py)
[2.159s] DEBUG:colcon.colcon_parallel_executor.executor.parallel:closing loop
[2.159s] DEBUG:colcon.colcon_parallel_executor.executor.parallel:loop closed
[2.159s] DEBUG:colcon.colcon_parallel_executor.executor.parallel:run_until_complete finished with '0'
[2.159s] DEBUG:colcon.colcon_core.event_reactor:joining thread
[2.262s] INFO:colcon.colcon_core.plugin_system:Skipping extension 'colcon_notification.desktop_notification.notify_send': Could not find 'notify-send'
[2.263s] INFO:colcon.colcon_core.plugin_system:Skipping extension 'colcon_notification.desktop_notification.terminal_notifier': Not used on non-Darwin systems
[2.263s] INFO:colcon.colcon_core.plugin_system:Skipping extension 'colcon_notification.desktop_notification.win32': Not used on non-Windows systems
[2.263s] INFO:colcon.colcon_notification.desktop_notification:Sending desktop notification using 'notify2'
[2.267s] DEBUG:colcon.colcon_notification.desktop_notification.notify2:Failed to initialize notify2: org.freedesktop.DBus.Error.ServiceUnknown: The name org.freedesktop.Notifications was not provided by any .service files
[2.267s] DEBUG:colcon.colcon_core.event_reactor:joined thread
[2.268s] INFO:colcon.colcon_core.shell:Creating prefix script '/home/user/ws_humble_urdf/install/local_setup.ps1'
[2.270s] INFO:colcon.colcon_core.shell:Creating prefix util module '/home/user/ws_humble_urdf/install/_local_setup_util_ps1.py'
[2.272s] INFO:colcon.colcon_core.shell:Creating prefix chain script '/home/user/ws_humble_urdf/install/setup.ps1'
[2.274s] INFO:colcon.colcon_core.shell:Creating prefix script '/home/user/ws_humble_urdf/install/local_setup.sh'
[2.275s] INFO:colcon.colcon_core.shell:Creating prefix util module '/home/user/ws_humble_urdf/install/_local_setup_util_sh.py'
[2.276s] INFO:colcon.colcon_core.shell:Creating prefix chain script '/home/user/ws_humble_urdf/install/setup.sh'
[2.277s] INFO:colcon.colcon_core.shell:Creating prefix script '/home/user/ws_humble_urdf/install/local_setup.bash'
[2.277s] INFO:colcon.colcon_core.shell:Creating prefix chain script '/home/user/ws_humble_urdf/install/setup.bash'
[2.278s] INFO:colcon.colcon_core.shell:Creating prefix script '/home/user/ws_humble_urdf/install/local_setup.zsh'
[2.280s] INFO:colcon.colcon_core.shell:Creating prefix chain script '/home/user/ws_humble_urdf/install/setup.zsh'
