[0.277s] DEBUG:colcon:Command line arguments: ['/usr/bin/colcon', 'build']
[0.277s] DEBUG:colcon:Parsed command line arguments: Namespace(log_base=None, log_level=None, verb_name='build', build_base='build', install_base='install', merge_install=False, symlink_install=False, test_result_base=None, continue_on_error=False, executor='parallel', parallel_workers=16, event_handlers=None, ignore_user_meta=False, metas=['./colcon.meta'], base_paths=['.'], packages_ignore=None, packages_ignore_regex=None, paths=None, packages_up_to=None, packages_up_to_regex=None, packages_above=None, packages_above_and_dependencies=None, packages_above_depth=None, packages_select_by_dep=None, packages_skip_by_dep=None, packages_skip_up_to=None, packages_select_build_failed=False, packages_skip_build_finished=False, packages_select_test_failures=False, packages_skip_test_passed=False, packages_select=None, packages_skip=None, packages_select_regex=None, packages_skip_regex=None, packages_start=None, packages_end=None, allow_overriding=[], cmake_args=None, cmake_target=None, cmake_target_skip_unavailable=False, cmake_clean_cache=False, cmake_clean_first=False, cmake_force_configure=False, ament_cmake_args=None, catkin_cmake_args=None, catkin_skip_building_tests=False, verb_parser=<colcon_defaults.argument_parser.defaults.DefaultArgumentsDecorator object at 0x7f35f2a104c0>, verb_extension=<colcon_core.verb.build.BuildVerb object at 0x7f35f2bfdb10>, main=<bound method BuildVerb.main of <colcon_core.verb.build.BuildVerb object at 0x7f35f2bfdb10>>)
[0.686s] Level 1:colcon.colcon_core.package_discovery:discover_packages(colcon_meta) check parameters
[0.686s] Level 1:colcon.colcon_core.package_discovery:discover_packages(recursive) check parameters
[0.686s] Level 1:colcon.colcon_core.package_discovery:discover_packages(ignore) check parameters
[0.687s] Level 1:colcon.colcon_core.package_discovery:discover_packages(path) check parameters
[0.687s] Level 1:colcon.colcon_core.package_discovery:discover_packages(colcon_meta) discover
[0.687s] Level 1:colcon.colcon_core.package_discovery:discover_packages(recursive) discover
[0.687s] INFO:colcon.colcon_core.package_discovery:Crawling recursively for packages in '/home/user/ws_humble_urdf'
[0.687s] Level 1:colcon.colcon_core.package_identification:_identify(.) by extensions ['ignore', 'ignore_ament_install']
[0.687s] Level 1:colcon.colcon_core.package_identification:_identify(.) by extension 'ignore'
[0.687s] Level 1:colcon.colcon_core.package_identification:_identify(.) by extension 'ignore_ament_install'
[0.687s] Level 1:colcon.colcon_core.package_identification:_identify(.) by extensions ['colcon_pkg']
[0.688s] Level 1:colcon.colcon_core.package_identification:_identify(.) by extension 'colcon_pkg'
[0.688s] Level 1:colcon.colcon_core.package_identification:_identify(.) by extensions ['colcon_meta']
[0.688s] Level 1:colcon.colcon_core.package_identification:_identify(.) by extension 'colcon_meta'
[0.688s] Level 1:colcon.colcon_core.package_identification:_identify(.) by extensions ['ros']
[0.688s] Level 1:colcon.colcon_core.package_identification:_identify(.) by extension 'ros'
[0.709s] Level 1:colcon.colcon_core.package_identification:_identify(.) by extensions ['cmake', 'python']
[0.709s] Level 1:colcon.colcon_core.package_identification:_identify(.) by extension 'cmake'
[0.709s] Level 1:colcon.colcon_core.package_identification:_identify(.) by extension 'python'
[0.709s] Level 1:colcon.colcon_core.package_identification:_identify(.) by extensions ['python_setup_py']
[0.709s] Level 1:colcon.colcon_core.package_identification:_identify(.) by extension 'python_setup_py'
[0.709s] Level 1:colcon.colcon_core.package_identification:_identify(build) by extensions ['ignore', 'ignore_ament_install']
[0.710s] Level 1:colcon.colcon_core.package_identification:_identify(build) by extension 'ignore'
[0.710s] Level 1:colcon.colcon_core.package_identification:_identify(build) ignored
[0.710s] Level 1:colcon.colcon_core.package_identification:_identify(install) by extensions ['ignore', 'ignore_ament_install']
[0.710s] Level 1:colcon.colcon_core.package_identification:_identify(install) by extension 'ignore'
[0.710s] Level 1:colcon.colcon_core.package_identification:_identify(install) ignored
[0.710s] Level 1:colcon.colcon_core.package_identification:_identify(log) by extensions ['ignore', 'ignore_ament_install']
[0.710s] Level 1:colcon.colcon_core.package_identification:_identify(log) by extension 'ignore'
[0.710s] Level 1:colcon.colcon_core.package_identification:_identify(log) ignored
[0.711s] Level 1:colcon.colcon_core.package_identification:_identify(src) by extensions ['ignore', 'ignore_ament_install']
[0.711s] Level 1:colcon.colcon_core.package_identification:_identify(src) by extension 'ignore'
[0.711s] Level 1:colcon.colcon_core.package_identification:_identify(src) by extension 'ignore_ament_install'
[0.711s] Level 1:colcon.colcon_core.package_identification:_identify(src) by extensions ['colcon_pkg']
[0.711s] Level 1:colcon.colcon_core.package_identification:_identify(src) by extension 'colcon_pkg'
[0.711s] Level 1:colcon.colcon_core.package_identification:_identify(src) by extensions ['colcon_meta']
[0.711s] Level 1:colcon.colcon_core.package_identification:_identify(src) by extension 'colcon_meta'
[0.711s] Level 1:colcon.colcon_core.package_identification:_identify(src) by extensions ['ros']
[0.711s] Level 1:colcon.colcon_core.package_identification:_identify(src) by extension 'ros'
[0.711s] Level 1:colcon.colcon_core.package_identification:_identify(src) by extensions ['cmake', 'python']
[0.711s] Level 1:colcon.colcon_core.package_identification:_identify(src) by extension 'cmake'
[0.711s] Level 1:colcon.colcon_core.package_identification:_identify(src) by extension 'python'
[0.711s] Level 1:colcon.colcon_core.package_identification:_identify(src) by extensions ['python_setup_py']
[0.711s] Level 1:colcon.colcon_core.package_identification:_identify(src) by extension 'python_setup_py'
[0.712s] Level 1:colcon.colcon_core.package_identification:_identify(src/urdf_humble_test) by extensions ['ignore', 'ignore_ament_install']
[0.712s] Level 1:colcon.colcon_core.package_identification:_identify(src/urdf_humble_test) by extension 'ignore'
[0.712s] Level 1:colcon.colcon_core.package_identification:_identify(src/urdf_humble_test) by extension 'ignore_ament_install'
[0.712s] Level 1:colcon.colcon_core.package_identification:_identify(src/urdf_humble_test) by extensions ['colcon_pkg']
[0.712s] Level 1:colcon.colcon_core.package_identification:_identify(src/urdf_humble_test) by extension 'colcon_pkg'
[0.712s] Level 1:colcon.colcon_core.package_identification:_identify(src/urdf_humble_test) by extensions ['colcon_meta']
[0.712s] Level 1:colcon.colcon_core.package_identification:_identify(src/urdf_humble_test) by extension 'colcon_meta'
[0.712s] Level 1:colcon.colcon_core.package_identification:_identify(src/urdf_humble_test) by extensions ['ros']
[0.712s] Level 1:colcon.colcon_core.package_identification:_identify(src/urdf_humble_test) by extension 'ros'
[0.717s] DEBUG:colcon.colcon_core.package_identification:Package 'src/urdf_humble_test' with type 'ros.ament_cmake' and name 'urdf_humble_test'
[0.717s] Level 1:colcon.colcon_core.package_identification:_identify(src/urdf_py) by extensions ['ignore', 'ignore_ament_install']
[0.717s] Level 1:colcon.colcon_core.package_identification:_identify(src/urdf_py) by extension 'ignore'
[0.717s] Level 1:colcon.colcon_core.package_identification:_identify(src/urdf_py) by extension 'ignore_ament_install'
[0.717s] Level 1:colcon.colcon_core.package_identification:_identify(src/urdf_py) by extensions ['colcon_pkg']
[0.718s] Level 1:colcon.colcon_core.package_identification:_identify(src/urdf_py) by extension 'colcon_pkg'
[0.718s] Level 1:colcon.colcon_core.package_identification:_identify(src/urdf_py) by extensions ['colcon_meta']
[0.718s] Level 1:colcon.colcon_core.package_identification:_identify(src/urdf_py) by extension 'colcon_meta'
[0.719s] Level 1:colcon.colcon_core.package_identification:_identify(src/urdf_py) by extensions ['ros']
[0.719s] Level 1:colcon.colcon_core.package_identification:_identify(src/urdf_py) by extension 'ros'
[0.720s] DEBUG:colcon.colcon_core.package_identification:Package 'src/urdf_py' with type 'ros.ament_python' and name 'urdf_py'
[0.720s] Level 1:colcon.colcon_core.package_discovery:discover_packages(recursive) using defaults
[0.720s] Level 1:colcon.colcon_core.package_discovery:discover_packages(ignore) discover
[0.720s] Level 1:colcon.colcon_core.package_discovery:discover_packages(ignore) using defaults
[0.720s] Level 1:colcon.colcon_core.package_discovery:discover_packages(path) discover
[0.720s] Level 1:colcon.colcon_core.package_discovery:discover_packages(path) using defaults
[0.768s] Level 1:colcon.colcon_core.package_discovery:discover_packages(prefix_path) check parameters
[0.768s] Level 1:colcon.colcon_core.package_discovery:discover_packages(prefix_path) discover
[0.772s] WARNING:colcon.colcon_ros.prefix_path.ament:The path '/home/user/ws_humble_urdf/install/urdf_py' in the environment variable AMENT_PREFIX_PATH doesn't exist
[0.777s] DEBUG:colcon.colcon_installed_package_information.package_discovery:Found 1 installed packages in /home/user/ws_humble_urdf/install
[0.778s] DEBUG:colcon.colcon_installed_package_information.package_discovery:Found 2 installed packages in /home/user/ros2_ws/install
[0.780s] DEBUG:colcon.colcon_installed_package_information.package_discovery:Found 296 installed packages in /opt/ros/humble
[0.781s] Level 1:colcon.colcon_core.package_discovery:discover_packages(prefix_path) using defaults
[0.920s] Level 5:colcon.colcon_core.verb:set package 'urdf_humble_test' build argument 'cmake_args' from command line to 'None'
[0.920s] Level 5:colcon.colcon_core.verb:set package 'urdf_humble_test' build argument 'cmake_target' from command line to 'None'
[0.920s] Level 5:colcon.colcon_core.verb:set package 'urdf_humble_test' build argument 'cmake_target_skip_unavailable' from command line to 'False'
[0.920s] Level 5:colcon.colcon_core.verb:set package 'urdf_humble_test' build argument 'cmake_clean_cache' from command line to 'False'
[0.920s] Level 5:colcon.colcon_core.verb:set package 'urdf_humble_test' build argument 'cmake_clean_first' from command line to 'False'
[0.920s] Level 5:colcon.colcon_core.verb:set package 'urdf_humble_test' build argument 'cmake_force_configure' from command line to 'False'
[0.920s] Level 5:colcon.colcon_core.verb:set package 'urdf_humble_test' build argument 'ament_cmake_args' from command line to 'None'
[0.920s] Level 5:colcon.colcon_core.verb:set package 'urdf_humble_test' build argument 'catkin_cmake_args' from command line to 'None'
[0.920s] Level 5:colcon.colcon_core.verb:set package 'urdf_humble_test' build argument 'catkin_skip_building_tests' from command line to 'False'
[0.920s] DEBUG:colcon.colcon_core.verb:Building package 'urdf_humble_test' with the following arguments: {'ament_cmake_args': None, 'build_base': '/home/user/ws_humble_urdf/build/urdf_humble_test', 'catkin_cmake_args': None, 'catkin_skip_building_tests': False, 'cmake_args': None, 'cmake_clean_cache': False, 'cmake_clean_first': False, 'cmake_force_configure': False, 'cmake_target': None, 'cmake_target_skip_unavailable': False, 'install_base': '/home/user/ws_humble_urdf/install/urdf_humble_test', 'merge_install': False, 'path': '/home/user/ws_humble_urdf/src/urdf_humble_test', 'symlink_install': False, 'test_result_base': None}
[0.921s] Level 5:colcon.colcon_core.verb:set package 'urdf_py' build argument 'cmake_args' from command line to 'None'
[0.921s] Level 5:colcon.colcon_core.verb:set package 'urdf_py' build argument 'cmake_target' from command line to 'None'
[0.921s] Level 5:colcon.colcon_core.verb:set package 'urdf_py' build argument 'cmake_target_skip_unavailable' from command line to 'False'
[0.922s] Level 5:colcon.colcon_core.verb:set package 'urdf_py' build argument 'cmake_clean_cache' from command line to 'False'
[0.922s] Level 5:colcon.colcon_core.verb:set package 'urdf_py' build argument 'cmake_clean_first' from command line to 'False'
[0.922s] Level 5:colcon.colcon_core.verb:set package 'urdf_py' build argument 'cmake_force_configure' from command line to 'False'
[0.922s] Level 5:colcon.colcon_core.verb:set package 'urdf_py' build argument 'ament_cmake_args' from command line to 'None'
[0.922s] Level 5:colcon.colcon_core.verb:set package 'urdf_py' build argument 'catkin_cmake_args' from command line to 'None'
[0.922s] Level 5:colcon.colcon_core.verb:set package 'urdf_py' build argument 'catkin_skip_building_tests' from command line to 'False'
[0.922s] DEBUG:colcon.colcon_core.verb:Building package 'urdf_py' with the following arguments: {'ament_cmake_args': None, 'build_base': '/home/user/ws_humble_urdf/build/urdf_py', 'catkin_cmake_args': None, 'catkin_skip_building_tests': False, 'cmake_args': None, 'cmake_clean_cache': False, 'cmake_clean_first': False, 'cmake_force_configure': False, 'cmake_target': None, 'cmake_target_skip_unavailable': False, 'install_base': '/home/user/ws_humble_urdf/install/urdf_py', 'merge_install': False, 'path': '/home/user/ws_humble_urdf/src/urdf_py', 'symlink_install': False, 'test_result_base': None}
[0.922s] INFO:colcon.colcon_core.executor:Executing jobs using 'parallel' executor
[0.925s] DEBUG:colcon.colcon_parallel_executor.executor.parallel:run_until_complete
[0.925s] INFO:colcon.colcon_ros.task.ament_cmake.build:Building ROS package in '/home/user/ws_humble_urdf/src/urdf_humble_test' with build type 'ament_cmake'
[0.925s] INFO:colcon.colcon_cmake.task.cmake.build:Building CMake package in '/home/user/ws_humble_urdf/src/urdf_humble_test'
[0.936s] INFO:colcon.colcon_core.plugin_system:Skipping extension 'colcon_core.shell.bat': Not used on non-Windows systems
[0.936s] INFO:colcon.colcon_core.shell:Skip shell extension 'powershell' for command environment: Not usable outside of PowerShell
[0.936s] DEBUG:colcon.colcon_core.shell:Skip shell extension 'dsv' for command environment
[0.942s] INFO:colcon.colcon_ros.task.ament_python.build:Building ROS package in '/home/user/ws_humble_urdf/src/urdf_py' with build type 'ament_python'
[0.943s] Level 1:colcon.colcon_core.shell:create_environment_hook('urdf_py', 'ament_prefix_path')
[0.944s] INFO:colcon.colcon_core.shell:Creating environment hook '/home/user/ws_humble_urdf/install/urdf_py/share/urdf_py/hook/ament_prefix_path.ps1'
[0.946s] INFO:colcon.colcon_core.shell:Creating environment descriptor '/home/user/ws_humble_urdf/install/urdf_py/share/urdf_py/hook/ament_prefix_path.dsv'
[0.947s] INFO:colcon.colcon_core.shell:Creating environment hook '/home/user/ws_humble_urdf/install/urdf_py/share/urdf_py/hook/ament_prefix_path.sh'
[0.949s] INFO:colcon.colcon_core.shell:Skip shell extension 'powershell' for command environment: Not usable outside of PowerShell
[0.949s] DEBUG:colcon.colcon_core.shell:Skip shell extension 'dsv' for command environment
[0.959s] DEBUG:colcon.colcon_core.event_handler.log_command:Invoking command in '/home/user/ws_humble_urdf/build/urdf_humble_test': CMAKE_PREFIX_PATH=${CMAKE_PREFIX_PATH}:/home/user/ws_humble_urdf/install/urdf_py:/home/user/ros2_ws/install/my_robot_controller:/opt/ros/humble /usr/bin/cmake --build /home/user/ws_humble_urdf/build/urdf_humble_test -- -j16 -l16
[1.248s] INFO:colcon.colcon_core.task.python.build:Building Python package in '/home/user/ws_humble_urdf/src/urdf_py'
[1.249s] INFO:colcon.colcon_core.shell:Skip shell extension 'powershell' for command environment: Not usable outside of PowerShell
[1.249s] DEBUG:colcon.colcon_core.shell:Skip shell extension 'dsv' for command environment
[1.258s] DEBUG:colcon.colcon_core.event_handler.log_command:Invoked command in '/home/user/ws_humble_urdf/build/urdf_humble_test' returned '0': CMAKE_PREFIX_PATH=${CMAKE_PREFIX_PATH}:/home/user/ws_humble_urdf/install/urdf_py:/home/user/ros2_ws/install/my_robot_controller:/opt/ros/humble /usr/bin/cmake --build /home/user/ws_humble_urdf/build/urdf_humble_test -- -j16 -l16
[1.269s] DEBUG:colcon.colcon_core.event_handler.log_command:Invoking command in '/home/user/ws_humble_urdf/build/urdf_humble_test': CMAKE_PREFIX_PATH=${CMAKE_PREFIX_PATH}:/home/user/ws_humble_urdf/install/urdf_py:/home/user/ros2_ws/install/my_robot_controller:/opt/ros/humble /usr/bin/cmake --install /home/user/ws_humble_urdf/build/urdf_humble_test
[1.283s] Level 1:colcon.colcon_core.environment:create_environment_scripts_only(urdf_humble_test)
[1.284s] DEBUG:colcon.colcon_core.event_handler.log_command:Invoked command in '/home/user/ws_humble_urdf/build/urdf_humble_test' returned '0': CMAKE_PREFIX_PATH=${CMAKE_PREFIX_PATH}:/home/user/ws_humble_urdf/install/urdf_py:/home/user/ros2_ws/install/my_robot_controller:/opt/ros/humble /usr/bin/cmake --install /home/user/ws_humble_urdf/build/urdf_humble_test
[1.294s] Level 1:colcon.colcon_core.environment:checking '/home/user/ws_humble_urdf/install/urdf_humble_test' for CMake module files
[1.295s] Level 1:colcon.colcon_core.environment:checking '/home/user/ws_humble_urdf/install/urdf_humble_test' for CMake config files
[1.295s] Level 1:colcon.colcon_core.shell:create_environment_hook('urdf_humble_test', 'cmake_prefix_path')
[1.295s] INFO:colcon.colcon_core.shell:Creating environment hook '/home/user/ws_humble_urdf/install/urdf_humble_test/share/urdf_humble_test/hook/cmake_prefix_path.ps1'
[1.296s] INFO:colcon.colcon_core.shell:Creating environment descriptor '/home/user/ws_humble_urdf/install/urdf_humble_test/share/urdf_humble_test/hook/cmake_prefix_path.dsv'
[1.296s] INFO:colcon.colcon_core.shell:Creating environment hook '/home/user/ws_humble_urdf/install/urdf_humble_test/share/urdf_humble_test/hook/cmake_prefix_path.sh'
[1.297s] Level 1:colcon.colcon_core.environment:checking '/home/user/ws_humble_urdf/install/urdf_humble_test/bin'
[1.297s] Level 1:colcon.colcon_core.environment:checking '/home/user/ws_humble_urdf/install/urdf_humble_test/lib/pkgconfig/urdf_humble_test.pc'
[1.298s] Level 1:colcon.colcon_core.environment:checking '/home/user/ws_humble_urdf/install/urdf_humble_test/lib/python3.10/site-packages'
[1.298s] Level 1:colcon.colcon_core.environment:checking '/home/user/ws_humble_urdf/install/urdf_humble_test/bin'
[1.298s] INFO:colcon.colcon_core.shell:Creating package script '/home/user/ws_humble_urdf/install/urdf_humble_test/share/urdf_humble_test/package.ps1'
[1.299s] INFO:colcon.colcon_core.shell:Creating package descriptor '/home/user/ws_humble_urdf/install/urdf_humble_test/share/urdf_humble_test/package.dsv'
[1.300s] INFO:colcon.colcon_core.shell:Creating package script '/home/user/ws_humble_urdf/install/urdf_humble_test/share/urdf_humble_test/package.sh'
[1.302s] INFO:colcon.colcon_core.shell:Creating package script '/home/user/ws_humble_urdf/install/urdf_humble_test/share/urdf_humble_test/package.bash'
[1.303s] INFO:colcon.colcon_core.shell:Creating package script '/home/user/ws_humble_urdf/install/urdf_humble_test/share/urdf_humble_test/package.zsh'
[1.305s] Level 1:colcon.colcon_core.environment:create_file_with_runtime_dependencies(/home/user/ws_humble_urdf/install/urdf_humble_test/share/colcon-core/packages/urdf_humble_test)
[1.305s] Level 1:colcon.colcon_core.environment:create_environment_scripts_only(urdf_humble_test)
[1.306s] Level 1:colcon.colcon_core.environment:checking '/home/user/ws_humble_urdf/install/urdf_humble_test' for CMake module files
[1.306s] Level 1:colcon.colcon_core.environment:checking '/home/user/ws_humble_urdf/install/urdf_humble_test' for CMake config files
[1.306s] Level 1:colcon.colcon_core.shell:create_environment_hook('urdf_humble_test', 'cmake_prefix_path')
[1.306s] INFO:colcon.colcon_core.shell:Creating environment hook '/home/user/ws_humble_urdf/install/urdf_humble_test/share/urdf_humble_test/hook/cmake_prefix_path.ps1'
[1.307s] INFO:colcon.colcon_core.shell:Creating environment descriptor '/home/user/ws_humble_urdf/install/urdf_humble_test/share/urdf_humble_test/hook/cmake_prefix_path.dsv'
[1.307s] INFO:colcon.colcon_core.shell:Creating environment hook '/home/user/ws_humble_urdf/install/urdf_humble_test/share/urdf_humble_test/hook/cmake_prefix_path.sh'
[1.308s] Level 1:colcon.colcon_core.environment:checking '/home/user/ws_humble_urdf/install/urdf_humble_test/bin'
[1.308s] Level 1:colcon.colcon_core.environment:checking '/home/user/ws_humble_urdf/install/urdf_humble_test/lib/pkgconfig/urdf_humble_test.pc'
[1.308s] Level 1:colcon.colcon_core.environment:checking '/home/user/ws_humble_urdf/install/urdf_humble_test/lib/python3.10/site-packages'
[1.308s] Level 1:colcon.colcon_core.environment:checking '/home/user/ws_humble_urdf/install/urdf_humble_test/bin'
[1.309s] INFO:colcon.colcon_core.shell:Creating package script '/home/user/ws_humble_urdf/install/urdf_humble_test/share/urdf_humble_test/package.ps1'
[1.309s] INFO:colcon.colcon_core.shell:Creating package descriptor '/home/user/ws_humble_urdf/install/urdf_humble_test/share/urdf_humble_test/package.dsv'
[1.310s] INFO:colcon.colcon_core.shell:Creating package script '/home/user/ws_humble_urdf/install/urdf_humble_test/share/urdf_humble_test/package.sh'
[1.310s] INFO:colcon.colcon_core.shell:Creating package script '/home/user/ws_humble_urdf/install/urdf_humble_test/share/urdf_humble_test/package.bash'
[1.311s] INFO:colcon.colcon_core.shell:Creating package script '/home/user/ws_humble_urdf/install/urdf_humble_test/share/urdf_humble_test/package.zsh'
[1.311s] Level 1:colcon.colcon_core.environment:create_file_with_runtime_dependencies(/home/user/ws_humble_urdf/install/urdf_humble_test/share/colcon-core/packages/urdf_humble_test)
[1.946s] DEBUG:colcon.colcon_core.event_handler.log_command:Invoking command in '/home/user/ws_humble_urdf/src/urdf_py': PYTHONPATH=/home/user/ws_humble_urdf/build/urdf_py/prefix_override:/usr/lib/python3/dist-packages/colcon_core/task/python/colcon_distutils_commands:/home/user/ws_humble_urdf/install/urdf_py/lib/python3.10/site-packages:${PYTHONPATH} /usr/bin/python3 -W ignore:setup.py install is deprecated -W ignore:easy_install command is deprecated setup.py egg_info --egg-base ../../build/urdf_py build --build-base /home/user/ws_humble_urdf/build/urdf_py/build install --record /home/user/ws_humble_urdf/build/urdf_py/install.log --single-version-externally-managed install_data
[2.229s] Level 1:colcon.colcon_core.environment:checking '/home/user/ws_humble_urdf/install/urdf_py' for CMake module files
[2.229s] DEBUG:colcon.colcon_core.event_handler.log_command:Invoked command in '/home/user/ws_humble_urdf/src/urdf_py' returned '0': PYTHONPATH=/home/user/ws_humble_urdf/build/urdf_py/prefix_override:/usr/lib/python3/dist-packages/colcon_core/task/python/colcon_distutils_commands:/home/user/ws_humble_urdf/install/urdf_py/lib/python3.10/site-packages:${PYTHONPATH} /usr/bin/python3 -W ignore:setup.py install is deprecated -W ignore:easy_install command is deprecated setup.py egg_info --egg-base ../../build/urdf_py build --build-base /home/user/ws_humble_urdf/build/urdf_py/build install --record /home/user/ws_humble_urdf/build/urdf_py/install.log --single-version-externally-managed install_data
[2.230s] Level 1:colcon.colcon_core.environment:checking '/home/user/ws_humble_urdf/install/urdf_py' for CMake config files
[2.231s] Level 1:colcon.colcon_core.environment:checking '/home/user/ws_humble_urdf/install/urdf_py/lib'
[2.231s] Level 1:colcon.colcon_core.environment:checking '/home/user/ws_humble_urdf/install/urdf_py/bin'
[2.231s] Level 1:colcon.colcon_core.environment:checking '/home/user/ws_humble_urdf/install/urdf_py/lib/pkgconfig/urdf_py.pc'
[2.232s] Level 1:colcon.colcon_core.environment:checking '/home/user/ws_humble_urdf/install/urdf_py/lib/python3.10/site-packages'
[2.232s] Level 1:colcon.colcon_core.shell:create_environment_hook('urdf_py', 'pythonpath')
[2.232s] INFO:colcon.colcon_core.shell:Creating environment hook '/home/user/ws_humble_urdf/install/urdf_py/share/urdf_py/hook/pythonpath.ps1'
[2.233s] INFO:colcon.colcon_core.shell:Creating environment descriptor '/home/user/ws_humble_urdf/install/urdf_py/share/urdf_py/hook/pythonpath.dsv'
[2.233s] INFO:colcon.colcon_core.shell:Creating environment hook '/home/user/ws_humble_urdf/install/urdf_py/share/urdf_py/hook/pythonpath.sh'
[2.233s] Level 1:colcon.colcon_core.environment:checking '/home/user/ws_humble_urdf/install/urdf_py/bin'
[2.234s] Level 1:colcon.colcon_core.environment:create_environment_scripts_only(urdf_py)
[2.234s] INFO:colcon.colcon_core.shell:Creating package script '/home/user/ws_humble_urdf/install/urdf_py/share/urdf_py/package.ps1'
[2.234s] INFO:colcon.colcon_core.shell:Creating package descriptor '/home/user/ws_humble_urdf/install/urdf_py/share/urdf_py/package.dsv'
[2.235s] INFO:colcon.colcon_core.shell:Creating package script '/home/user/ws_humble_urdf/install/urdf_py/share/urdf_py/package.sh'
[2.235s] INFO:colcon.colcon_core.shell:Creating package script '/home/user/ws_humble_urdf/install/urdf_py/share/urdf_py/package.bash'
[2.236s] INFO:colcon.colcon_core.shell:Creating package script '/home/user/ws_humble_urdf/install/urdf_py/share/urdf_py/package.zsh'
[2.236s] Level 1:colcon.colcon_core.environment:create_file_with_runtime_dependencies(/home/user/ws_humble_urdf/install/urdf_py/share/colcon-core/packages/urdf_py)
[2.237s] DEBUG:colcon.colcon_parallel_executor.executor.parallel:closing loop
[2.238s] DEBUG:colcon.colcon_parallel_executor.executor.parallel:loop closed
[2.238s] DEBUG:colcon.colcon_parallel_executor.executor.parallel:run_until_complete finished with '0'
[2.238s] DEBUG:colcon.colcon_core.event_reactor:joining thread
[2.292s] INFO:colcon.colcon_core.plugin_system:Skipping extension 'colcon_notification.desktop_notification.notify_send': Could not find 'notify-send'
[2.292s] INFO:colcon.colcon_core.plugin_system:Skipping extension 'colcon_notification.desktop_notification.terminal_notifier': Not used on non-Darwin systems
[2.292s] INFO:colcon.colcon_core.plugin_system:Skipping extension 'colcon_notification.desktop_notification.win32': Not used on non-Windows systems
[2.292s] INFO:colcon.colcon_notification.desktop_notification:Sending desktop notification using 'notify2'
[2.295s] DEBUG:colcon.colcon_notification.desktop_notification.notify2:Failed to initialize notify2: org.freedesktop.DBus.Error.ServiceUnknown: The name org.freedesktop.Notifications was not provided by any .service files
[2.295s] DEBUG:colcon.colcon_core.event_reactor:joined thread
[2.295s] INFO:colcon.colcon_core.shell:Creating prefix script '/home/user/ws_humble_urdf/install/local_setup.ps1'
[2.299s] INFO:colcon.colcon_core.shell:Creating prefix util module '/home/user/ws_humble_urdf/install/_local_setup_util_ps1.py'
[2.301s] INFO:colcon.colcon_core.shell:Creating prefix chain script '/home/user/ws_humble_urdf/install/setup.ps1'
[2.303s] INFO:colcon.colcon_core.shell:Creating prefix script '/home/user/ws_humble_urdf/install/local_setup.sh'
[2.304s] INFO:colcon.colcon_core.shell:Creating prefix util module '/home/user/ws_humble_urdf/install/_local_setup_util_sh.py'
[2.305s] INFO:colcon.colcon_core.shell:Creating prefix chain script '/home/user/ws_humble_urdf/install/setup.sh'
[2.306s] INFO:colcon.colcon_core.shell:Creating prefix script '/home/user/ws_humble_urdf/install/local_setup.bash'
[2.307s] INFO:colcon.colcon_core.shell:Creating prefix chain script '/home/user/ws_humble_urdf/install/setup.bash'
[2.308s] INFO:colcon.colcon_core.shell:Creating prefix script '/home/user/ws_humble_urdf/install/local_setup.zsh'
[2.309s] INFO:colcon.colcon_core.shell:Creating prefix chain script '/home/user/ws_humble_urdf/install/setup.zsh'
