[0.756s] Invoking command in '/home/user/ws_humble_urdf/src/urdf_py': PYTHONPATH=/home/user/ws_humble_urdf/build/urdf_py/prefix_override:/usr/lib/python3/dist-packages/colcon_core/task/python/colcon_distutils_commands:/home/user/ws_humble_urdf/install/urdf_py/lib/python3.10/site-packages:${PYTHONPATH} /usr/bin/python3 -W ignore:setup.py install is deprecated -W ignore:easy_install command is deprecated setup.py egg_info --egg-base ../../build/urdf_py build --build-base /home/user/ws_humble_urdf/build/urdf_py/build install --record /home/user/ws_humble_urdf/build/urdf_py/install.log --single-version-externally-managed install_data
[0.925s] running egg_info
[0.926s] writing ../../build/urdf_py/urdf_py.egg-info/PKG-INFO
[0.926s] writing dependency_links to ../../build/urdf_py/urdf_py.egg-info/dependency_links.txt
[0.927s] writing entry points to ../../build/urdf_py/urdf_py.egg-info/entry_points.txt
[0.927s] writing requirements to ../../build/urdf_py/urdf_py.egg-info/requires.txt
[0.927s] writing top-level names to ../../build/urdf_py/urdf_py.egg-info/top_level.txt
[0.928s] reading manifest file '../../build/urdf_py/urdf_py.egg-info/SOURCES.txt'
[0.929s] writing manifest file '../../build/urdf_py/urdf_py.egg-info/SOURCES.txt'
[0.930s] running build
[0.930s] running build_py
[0.930s] running install
[0.930s] running install_lib
[0.931s] creating /home/user/ws_humble_urdf/install/urdf_py/lib/python3.10/site-packages/urdf_py
[0.931s] copying /home/user/ws_humble_urdf/build/urdf_py/build/lib/urdf_py/__init__.py -> /home/user/ws_humble_urdf/install/urdf_py/lib/python3.10/site-packages/urdf_py
[0.932s] byte-compiling /home/user/ws_humble_urdf/install/urdf_py/lib/python3.10/site-packages/urdf_py/__init__.py to __init__.cpython-310.pyc
[0.932s] running install_data
[0.933s] creating /home/user/ws_humble_urdf/install/urdf_py/share/ament_index
[0.933s] creating /home/user/ws_humble_urdf/install/urdf_py/share/ament_index/resource_index
[0.933s] creating /home/user/ws_humble_urdf/install/urdf_py/share/ament_index/resource_index/packages
[0.933s] copying resource/urdf_py -> /home/user/ws_humble_urdf/install/urdf_py/share/ament_index/resource_index/packages
[0.933s] copying package.xml -> /home/user/ws_humble_urdf/install/urdf_py/share/urdf_py
[0.933s] creating /home/user/ws_humble_urdf/install/urdf_py/share/urdf_py/launch
[0.934s] copying launch/display.launch.py -> /home/user/ws_humble_urdf/install/urdf_py/share/urdf_py/launch
[0.934s] creating /home/user/ws_humble_urdf/install/urdf_py/share/urdf_py/urdf
[0.934s] copying urdf/model.urdf -> /home/user/ws_humble_urdf/install/urdf_py/share/urdf_py/urdf
[0.934s] running install_egg_info
[0.936s] Copying ../../build/urdf_py/urdf_py.egg-info to /home/user/ws_humble_urdf/install/urdf_py/lib/python3.10/site-packages/urdf_py-0.0.0-py3.10.egg-info
[0.937s] running install_scripts
[0.951s] writing list of installed files to '/home/user/ws_humble_urdf/build/urdf_py/install.log'
[0.970s] Invoked command in '/home/user/ws_humble_urdf/src/urdf_py' returned '0': PYTHONPATH=/home/user/ws_humble_urdf/build/urdf_py/prefix_override:/usr/lib/python3/dist-packages/colcon_core/task/python/colcon_distutils_commands:/home/user/ws_humble_urdf/install/urdf_py/lib/python3.10/site-packages:${PYTHONPATH} /usr/bin/python3 -W ignore:setup.py install is deprecated -W ignore:easy_install command is deprecated setup.py egg_info --egg-base ../../build/urdf_py build --build-base /home/user/ws_humble_urdf/build/urdf_py/build install --record /home/user/ws_humble_urdf/build/urdf_py/install.log --single-version-externally-managed install_data
