[0.961s] Invoking command in '/home/user/ws_humble_urdf/src/urdf_py': PYTHONPATH=/home/user/ws_humble_urdf/build/urdf_py/prefix_override:/usr/lib/python3/dist-packages/colcon_core/task/python/colcon_distutils_commands:/home/user/ws_humble_urdf/install/urdf_py/lib/python3.10/site-packages:${PYTHONPATH} /usr/bin/python3 -W ignore:setup.py install is deprecated -W ignore:easy_install command is deprecated setup.py egg_info --egg-base ../../build/urdf_py build --build-base /home/user/ws_humble_urdf/build/urdf_py/build install --record /home/user/ws_humble_urdf/build/urdf_py/install.log --single-version-externally-managed install_data
[1.163s] running egg_info
[1.165s] writing ../../build/urdf_py/urdf_py.egg-info/PKG-INFO
[1.165s] writing dependency_links to ../../build/urdf_py/urdf_py.egg-info/dependency_links.txt
[1.165s] writing entry points to ../../build/urdf_py/urdf_py.egg-info/entry_points.txt
[1.165s] writing requirements to ../../build/urdf_py/urdf_py.egg-info/requires.txt
[1.165s] writing top-level names to ../../build/urdf_py/urdf_py.egg-info/top_level.txt
[1.167s] reading manifest file '../../build/urdf_py/urdf_py.egg-info/SOURCES.txt'
[1.169s] writing manifest file '../../build/urdf_py/urdf_py.egg-info/SOURCES.txt'
[1.169s] running build
[1.170s] running build_py
[1.170s] running install
[1.170s] running install_lib
[1.172s] running install_data
[1.172s] creating /home/user/ws_humble_urdf/install/urdf_py/share/urdf_py/launch
[1.173s] copying launch/display.launch.py -> /home/user/ws_humble_urdf/install/urdf_py/share/urdf_py/launch
[1.173s] running install_egg_info
[1.175s] removing '/home/user/ws_humble_urdf/install/urdf_py/lib/python3.10/site-packages/urdf_py-0.0.0-py3.10.egg-info' (and everything under it)
[1.175s] Copying ../../build/urdf_py/urdf_py.egg-info to /home/user/ws_humble_urdf/install/urdf_py/lib/python3.10/site-packages/urdf_py-0.0.0-py3.10.egg-info
[1.176s] running install_scripts
[1.195s] writing list of installed files to '/home/user/ws_humble_urdf/build/urdf_py/install.log'
[1.221s] Invoked command in '/home/user/ws_humble_urdf/src/urdf_py' returned '0': PYTHONPATH=/home/user/ws_humble_urdf/build/urdf_py/prefix_override:/usr/lib/python3/dist-packages/colcon_core/task/python/colcon_distutils_commands:/home/user/ws_humble_urdf/install/urdf_py/lib/python3.10/site-packages:${PYTHONPATH} /usr/bin/python3 -W ignore:setup.py install is deprecated -W ignore:easy_install command is deprecated setup.py egg_info --egg-base ../../build/urdf_py build --build-base /home/user/ws_humble_urdf/build/urdf_py/build install --record /home/user/ws_humble_urdf/build/urdf_py/install.log --single-version-externally-managed install_data
