[0.486s] Invoking command in '/home/user/ws_humble_urdf/src/urdf_py': PYTHONPATH=/home/user/ws_humble_urdf/build/urdf_py/prefix_override:/usr/lib/python3/dist-packages/colcon_core/task/python/colcon_distutils_commands:/home/user/ws_humble_urdf/install/urdf_py/lib/python3.10/site-packages:${PYTHONPATH} /usr/bin/python3 -W ignore:setup.py install is deprecated -W ignore:easy_install command is deprecated setup.py egg_info --egg-base ../../build/urdf_py build --build-base /home/user/ws_humble_urdf/build/urdf_py/build install --record /home/user/ws_humble_urdf/build/urdf_py/install.log --single-version-externally-managed install_data
[0.648s] running egg_info
[0.649s] writing ../../build/urdf_py/urdf_py.egg-info/PKG-INFO
[0.649s] writing dependency_links to ../../build/urdf_py/urdf_py.egg-info/dependency_links.txt
[0.649s] writing entry points to ../../build/urdf_py/urdf_py.egg-info/entry_points.txt
[0.649s] writing requirements to ../../build/urdf_py/urdf_py.egg-info/requires.txt
[0.649s] writing top-level names to ../../build/urdf_py/urdf_py.egg-info/top_level.txt
[0.650s] reading manifest file '../../build/urdf_py/urdf_py.egg-info/SOURCES.txt'
[0.651s] writing manifest file '../../build/urdf_py/urdf_py.egg-info/SOURCES.txt'
[0.651s] running build
[0.651s] running build_py
[0.651s] running install
[0.652s] running install_lib
[0.652s] creating /home/user/ws_humble_urdf/install/urdf_py/lib/python3.10/site-packages/urdf_py
[0.652s] copying /home/user/ws_humble_urdf/build/urdf_py/build/lib/urdf_py/__init__.py -> /home/user/ws_humble_urdf/install/urdf_py/lib/python3.10/site-packages/urdf_py
[0.652s] byte-compiling /home/user/ws_humble_urdf/install/urdf_py/lib/python3.10/site-packages/urdf_py/__init__.py to __init__.cpython-310.pyc
[0.653s] running install_data
[0.653s] creating /home/user/ws_humble_urdf/install/urdf_py/share/ament_index
[0.653s] creating /home/user/ws_humble_urdf/install/urdf_py/share/ament_index/resource_index
[0.653s] creating /home/user/ws_humble_urdf/install/urdf_py/share/ament_index/resource_index/packages
[0.653s] copying resource/urdf_py -> /home/user/ws_humble_urdf/install/urdf_py/share/ament_index/resource_index/packages
[0.653s] copying package.xml -> /home/user/ws_humble_urdf/install/urdf_py/share/urdf_py
[0.653s] running install_egg_info
[0.655s] Copying ../../build/urdf_py/urdf_py.egg-info to /home/user/ws_humble_urdf/install/urdf_py/lib/python3.10/site-packages/urdf_py-0.0.0-py3.10.egg-info
[0.655s] running install_scripts
[0.669s] Installing my_node script to /home/user/ws_humble_urdf/install/urdf_py/lib/urdf_py
[0.669s] writing list of installed files to '/home/user/ws_humble_urdf/build/urdf_py/install.log'
[0.688s] Invoked command in '/home/user/ws_humble_urdf/src/urdf_py' returned '0': PYTHONPATH=/home/user/ws_humble_urdf/build/urdf_py/prefix_override:/usr/lib/python3/dist-packages/colcon_core/task/python/colcon_distutils_commands:/home/user/ws_humble_urdf/install/urdf_py/lib/python3.10/site-packages:${PYTHONPATH} /usr/bin/python3 -W ignore:setup.py install is deprecated -W ignore:easy_install command is deprecated setup.py egg_info --egg-base ../../build/urdf_py build --build-base /home/user/ws_humble_urdf/build/urdf_py/build install --record /home/user/ws_humble_urdf/build/urdf_py/install.log --single-version-externally-managed install_data
