[0.458s] Invoking command in '/home/user/ws_humble_urdf/src/urdf_py': PYTHONPATH=/home/user/ws_humble_urdf/build/urdf_py/prefix_override:/usr/lib/python3/dist-packages/colcon_core/task/python/colcon_distutils_commands:/home/user/ws_humble_urdf/install/urdf_py/lib/python3.10/site-packages:${PYTHONPATH} /usr/bin/python3 -W ignore:setup.py install is deprecated -W ignore:easy_install command is deprecated setup.py egg_info --egg-base ../../build/urdf_py build --build-base /home/user/ws_humble_urdf/build/urdf_py/build install --record /home/user/ws_humble_urdf/build/urdf_py/install.log --single-version-externally-managed install_data
[0.622s] running egg_info
[0.623s] writing ../../build/urdf_py/urdf_py.egg-info/PKG-INFO
[0.623s] writing dependency_links to ../../build/urdf_py/urdf_py.egg-info/dependency_links.txt
[0.623s] writing entry points to ../../build/urdf_py/urdf_py.egg-info/entry_points.txt
[0.624s] writing requirements to ../../build/urdf_py/urdf_py.egg-info/requires.txt
[0.624s] writing top-level names to ../../build/urdf_py/urdf_py.egg-info/top_level.txt
[0.624s] reading manifest file '../../build/urdf_py/urdf_py.egg-info/SOURCES.txt'
[0.624s] writing manifest file '../../build/urdf_py/urdf_py.egg-info/SOURCES.txt'
[0.625s] running build
[0.625s] running build_py
[0.626s] running install
[0.626s] running install_lib
[0.626s] creating /home/user/ws_humble_urdf/install/urdf_py/lib/python3.10/site-packages/urdf_py
[0.626s] copying /home/user/ws_humble_urdf/build/urdf_py/build/lib/urdf_py/__init__.py -> /home/user/ws_humble_urdf/install/urdf_py/lib/python3.10/site-packages/urdf_py
[0.626s] byte-compiling /home/user/ws_humble_urdf/install/urdf_py/lib/python3.10/site-packages/urdf_py/__init__.py to __init__.cpython-310.pyc
[0.626s] running install_data
[0.626s] creating /home/user/ws_humble_urdf/install/urdf_py/share/ament_index
[0.627s] creating /home/user/ws_humble_urdf/install/urdf_py/share/ament_index/resource_index
[0.627s] creating /home/user/ws_humble_urdf/install/urdf_py/share/ament_index/resource_index/packages
[0.627s] copying resource/urdf_py -> /home/user/ws_humble_urdf/install/urdf_py/share/ament_index/resource_index/packages
[0.627s] copying package.xml -> /home/user/ws_humble_urdf/install/urdf_py/share/urdf_py
[0.627s] creating /home/user/ws_humble_urdf/install/urdf_py/share/urdf_py/launch
[0.627s] copying launch/display.launch.py -> /home/user/ws_humble_urdf/install/urdf_py/share/urdf_py/launch
[0.627s] running install_egg_info
[0.630s] Copying ../../build/urdf_py/urdf_py.egg-info to /home/user/ws_humble_urdf/install/urdf_py/lib/python3.10/site-packages/urdf_py-0.0.0-py3.10.egg-info
[0.630s] running install_scripts
[0.645s] Installing my_node script to /home/user/ws_humble_urdf/install/urdf_py/lib/urdf_py
[0.645s] writing list of installed files to '/home/user/ws_humble_urdf/build/urdf_py/install.log'
[0.663s] Invoked command in '/home/user/ws_humble_urdf/src/urdf_py' returned '0': PYTHONPATH=/home/user/ws_humble_urdf/build/urdf_py/prefix_override:/usr/lib/python3/dist-packages/colcon_core/task/python/colcon_distutils_commands:/home/user/ws_humble_urdf/install/urdf_py/lib/python3.10/site-packages:${PYTHONPATH} /usr/bin/python3 -W ignore:setup.py install is deprecated -W ignore:easy_install command is deprecated setup.py egg_info --egg-base ../../build/urdf_py build --build-base /home/user/ws_humble_urdf/build/urdf_py/build install --record /home/user/ws_humble_urdf/build/urdf_py/install.log --single-version-externally-managed install_data
