[0.591s] Invoking command in '/home/user/ws_humble_urdf/src/urdf_py': PYTHONPATH=/home/user/ws_humble_urdf/build/urdf_py/prefix_override:/usr/lib/python3/dist-packages/colcon_core/task/python/colcon_distutils_commands:/home/user/ws_humble_urdf/install/urdf_py/lib/python3.10/site-packages:${PYTHONPATH} /usr/bin/python3 -W ignore:setup.py install is deprecated -W ignore:easy_install command is deprecated setup.py egg_info --egg-base ../../build/urdf_py build --build-base /home/user/ws_humble_urdf/build/urdf_py/build install --record /home/user/ws_humble_urdf/build/urdf_py/install.log --single-version-externally-managed install_data
[0.785s] running egg_info
[0.785s] writing ../../build/urdf_py/urdf_py.egg-info/PKG-INFO
[0.786s] writing dependency_links to ../../build/urdf_py/urdf_py.egg-info/dependency_links.txt
[0.786s] writing entry points to ../../build/urdf_py/urdf_py.egg-info/entry_points.txt
[0.786s] writing requirements to ../../build/urdf_py/urdf_py.egg-info/requires.txt
[0.786s] writing top-level names to ../../build/urdf_py/urdf_py.egg-info/top_level.txt
[0.787s] reading manifest file '../../build/urdf_py/urdf_py.egg-info/SOURCES.txt'
[0.788s] writing manifest file '../../build/urdf_py/urdf_py.egg-info/SOURCES.txt'
[0.788s] running build
[0.788s] running build_py
[0.789s] running install
[0.789s] running install_lib
[0.790s] running install_data
[0.790s] running install_egg_info
[0.792s] removing '/home/user/ws_humble_urdf/install/urdf_py/lib/python3.10/site-packages/urdf_py-0.0.0-py3.10.egg-info' (and everything under it)
[0.792s] Copying ../../build/urdf_py/urdf_py.egg-info to /home/user/ws_humble_urdf/install/urdf_py/lib/python3.10/site-packages/urdf_py-0.0.0-py3.10.egg-info
[0.792s] running install_scripts
[0.810s] writing list of installed files to '/home/user/ws_humble_urdf/build/urdf_py/install.log'
[0.834s] Invoked command in '/home/user/ws_humble_urdf/src/urdf_py' returned '0': PYTHONPATH=/home/user/ws_humble_urdf/build/urdf_py/prefix_override:/usr/lib/python3/dist-packages/colcon_core/task/python/colcon_distutils_commands:/home/user/ws_humble_urdf/install/urdf_py/lib/python3.10/site-packages:${PYTHONPATH} /usr/bin/python3 -W ignore:setup.py install is deprecated -W ignore:easy_install command is deprecated setup.py egg_info --egg-base ../../build/urdf_py build --build-base /home/user/ws_humble_urdf/build/urdf_py/build install --record /home/user/ws_humble_urdf/build/urdf_py/install.log --single-version-externally-managed install_data
