running egg_info
creating ../../build/urdf_py/urdf_py.egg-info
writing ../../build/urdf_py/urdf_py.egg-info/PKG-INFO
writing dependency_links to ../../build/urdf_py/urdf_py.egg-info/dependency_links.txt
writing entry points to ../../build/urdf_py/urdf_py.egg-info/entry_points.txt
writing requirements to ../../build/urdf_py/urdf_py.egg-info/requires.txt
writing top-level names to ../../build/urdf_py/urdf_py.egg-info/top_level.txt
writing manifest file '../../build/urdf_py/urdf_py.egg-info/SOURCES.txt'
reading manifest file '../../build/urdf_py/urdf_py.egg-info/SOURCES.txt'
writing manifest file '../../build/urdf_py/urdf_py.egg-info/SOURCES.txt'
running build
running build_py
creating /home/user/ws_humble_urdf/build/urdf_py/build
creating /home/user/ws_humble_urdf/build/urdf_py/build/lib
creating /home/user/ws_humble_urdf/build/urdf_py/build/lib/urdf_py
copying urdf_py/__init__.py -> /home/user/ws_humble_urdf/build/urdf_py/build/lib/urdf_py
running install
running install_lib
creating /home/user/ws_humble_urdf/install/urdf_py/lib/python3.10/site-packages/urdf_py
copying /home/user/ws_humble_urdf/build/urdf_py/build/lib/urdf_py/__init__.py -> /home/user/ws_humble_urdf/install/urdf_py/lib/python3.10/site-packages/urdf_py
byte-compiling /home/user/ws_humble_urdf/install/urdf_py/lib/python3.10/site-packages/urdf_py/__init__.py to __init__.cpython-310.pyc
running install_data
creating /home/user/ws_humble_urdf/install/urdf_py/share/ament_index
creating /home/user/ws_humble_urdf/install/urdf_py/share/ament_index/resource_index
creating /home/user/ws_humble_urdf/install/urdf_py/share/ament_index/resource_index/packages
copying resource/urdf_py -> /home/user/ws_humble_urdf/install/urdf_py/share/ament_index/resource_index/packages
copying package.xml -> /home/user/ws_humble_urdf/install/urdf_py/share/urdf_py
running install_egg_info
Copying ../../build/urdf_py/urdf_py.egg-info to /home/user/ws_humble_urdf/install/urdf_py/lib/python3.10/site-packages/urdf_py-0.0.0-py3.10.egg-info
running install_scripts
writing list of installed files to '/home/user/ws_humble_urdf/build/urdf_py/install.log'
