[0.959s] Invoking command in '/home/user/ws_humble_urdf/src/urdf_py': PYTHONPATH=/home/user/ws_humble_urdf/build/urdf_py/prefix_override:/usr/lib/python3/dist-packages/colcon_core/task/python/colcon_distutils_commands:/home/user/ws_humble_urdf/install/urdf_py/lib/python3.10/site-packages:${PYTHONPATH} /usr/bin/python3 -W ignore:setup.py install is deprecated -W ignore:easy_install command is deprecated setup.py egg_info --egg-base ../../build/urdf_py build --build-base /home/user/ws_humble_urdf/build/urdf_py/build install --record /home/user/ws_humble_urdf/build/urdf_py/install.log --single-version-externally-managed install_data
[1.167s] running egg_info
[1.168s] creating ../../build/urdf_py/urdf_py.egg-info
[1.168s] writing ../../build/urdf_py/urdf_py.egg-info/PKG-INFO
[1.168s] writing dependency_links to ../../build/urdf_py/urdf_py.egg-info/dependency_links.txt
[1.168s] writing entry points to ../../build/urdf_py/urdf_py.egg-info/entry_points.txt
[1.169s] writing requirements to ../../build/urdf_py/urdf_py.egg-info/requires.txt
[1.169s] writing top-level names to ../../build/urdf_py/urdf_py.egg-info/top_level.txt
[1.169s] writing manifest file '../../build/urdf_py/urdf_py.egg-info/SOURCES.txt'
[1.170s] reading manifest file '../../build/urdf_py/urdf_py.egg-info/SOURCES.txt'
[1.171s] writing manifest file '../../build/urdf_py/urdf_py.egg-info/SOURCES.txt'
[1.171s] running build
[1.171s] running build_py
[1.171s] creating /home/user/ws_humble_urdf/build/urdf_py/build
[1.173s] creating /home/user/ws_humble_urdf/build/urdf_py/build/lib
[1.173s] creating /home/user/ws_humble_urdf/build/urdf_py/build/lib/urdf_py
[1.173s] copying urdf_py/__init__.py -> /home/user/ws_humble_urdf/build/urdf_py/build/lib/urdf_py
[1.173s] running install
[1.174s] running install_lib
[1.175s] creating /home/user/ws_humble_urdf/install/urdf_py/lib/python3.10/site-packages/urdf_py
[1.175s] copying /home/user/ws_humble_urdf/build/urdf_py/build/lib/urdf_py/__init__.py -> /home/user/ws_humble_urdf/install/urdf_py/lib/python3.10/site-packages/urdf_py
[1.175s] byte-compiling /home/user/ws_humble_urdf/install/urdf_py/lib/python3.10/site-packages/urdf_py/__init__.py to __init__.cpython-310.pyc
[1.176s] running install_data
[1.176s] creating /home/user/ws_humble_urdf/install/urdf_py/share/ament_index
[1.176s] creating /home/user/ws_humble_urdf/install/urdf_py/share/ament_index/resource_index
[1.176s] creating /home/user/ws_humble_urdf/install/urdf_py/share/ament_index/resource_index/packages
[1.176s] copying resource/urdf_py -> /home/user/ws_humble_urdf/install/urdf_py/share/ament_index/resource_index/packages
[1.177s] copying package.xml -> /home/user/ws_humble_urdf/install/urdf_py/share/urdf_py
[1.177s] running install_egg_info
[1.178s] Copying ../../build/urdf_py/urdf_py.egg-info to /home/user/ws_humble_urdf/install/urdf_py/lib/python3.10/site-packages/urdf_py-0.0.0-py3.10.egg-info
[1.180s] running install_scripts
[1.200s] writing list of installed files to '/home/user/ws_humble_urdf/build/urdf_py/install.log'
[1.225s] Invoked command in '/home/user/ws_humble_urdf/src/urdf_py' returned '0': PYTHONPATH=/home/user/ws_humble_urdf/build/urdf_py/prefix_override:/usr/lib/python3/dist-packages/colcon_core/task/python/colcon_distutils_commands:/home/user/ws_humble_urdf/install/urdf_py/lib/python3.10/site-packages:${PYTHONPATH} /usr/bin/python3 -W ignore:setup.py install is deprecated -W ignore:easy_install command is deprecated setup.py egg_info --egg-base ../../build/urdf_py build --build-base /home/user/ws_humble_urdf/build/urdf_py/build install --record /home/user/ws_humble_urdf/build/urdf_py/install.log --single-version-externally-managed install_data
