[0.834s] Invoking command in '/home/user/ws_humble_urdf/src/urdf_py': PYTHONPATH=/home/user/ws_humble_urdf/build/urdf_py/prefix_override:/usr/lib/python3/dist-packages/colcon_core/task/python/colcon_distutils_commands:/home/user/ws_humble_urdf/install/urdf_py/lib/python3.10/site-packages:${PYTHONPATH} /usr/bin/python3 -W ignore:setup.py install is deprecated -W ignore:easy_install command is deprecated setup.py egg_info --egg-base ../../build/urdf_py build --build-base /home/user/ws_humble_urdf/build/urdf_py/build install --record /home/user/ws_humble_urdf/build/urdf_py/install.log --single-version-externally-managed install_data
[1.042s] running egg_info
[1.043s] writing ../../build/urdf_py/urdf_py.egg-info/PKG-INFO
[1.045s] writing dependency_links to ../../build/urdf_py/urdf_py.egg-info/dependency_links.txt
[1.045s] writing entry points to ../../build/urdf_py/urdf_py.egg-info/entry_points.txt
[1.046s] writing requirements to ../../build/urdf_py/urdf_py.egg-info/requires.txt
[1.046s] writing top-level names to ../../build/urdf_py/urdf_py.egg-info/top_level.txt
[1.048s] reading manifest file '../../build/urdf_py/urdf_py.egg-info/SOURCES.txt'
[1.050s] writing manifest file '../../build/urdf_py/urdf_py.egg-info/SOURCES.txt'
[1.050s] running build
[1.050s] running build_py
[1.050s] running install
[1.050s] running install_lib
[1.053s] running install_data
[1.054s] running install_egg_info
[1.056s] removing '/home/user/ws_humble_urdf/install/urdf_py/lib/python3.10/site-packages/urdf_py-0.0.0-py3.10.egg-info' (and everything under it)
[1.056s] Copying ../../build/urdf_py/urdf_py.egg-info to /home/user/ws_humble_urdf/install/urdf_py/lib/python3.10/site-packages/urdf_py-0.0.0-py3.10.egg-info
[1.058s] running install_scripts
[1.084s] writing list of installed files to '/home/user/ws_humble_urdf/build/urdf_py/install.log'
[1.105s] Invoked command in '/home/user/ws_humble_urdf/src/urdf_py' returned '0': PYTHONPATH=/home/user/ws_humble_urdf/build/urdf_py/prefix_override:/usr/lib/python3/dist-packages/colcon_core/task/python/colcon_distutils_commands:/home/user/ws_humble_urdf/install/urdf_py/lib/python3.10/site-packages:${PYTHONPATH} /usr/bin/python3 -W ignore:setup.py install is deprecated -W ignore:easy_install command is deprecated setup.py egg_info --egg-base ../../build/urdf_py build --build-base /home/user/ws_humble_urdf/build/urdf_py/build install --record /home/user/ws_humble_urdf/build/urdf_py/install.log --single-version-externally-managed install_data
