[0.226s] DEBUG:colcon:Command line arguments: ['/usr/bin/colcon', 'list', '-p', '--base-paths', '/home/user/ws_humble_urdf']
[0.227s] DEBUG:colcon:Parsed command line arguments: Namespace(log_base=None, log_level=None, verb_name='list', build_base='build', ignore_user_meta=False, metas=['./colcon.meta'], base_paths=['/home/user/ws_humble_urdf'], packages_ignore=None, packages_ignore_regex=None, paths=None, packages_up_to=None, packages_up_to_regex=None, packages_above=None, packages_above_and_dependencies=None, packages_above_depth=None, packages_select_by_dep=None, packages_skip_by_dep=None, packages_skip_up_to=None, packages_select_build_failed=False, packages_skip_build_finished=False, packages_select_test_failures=False, packages_skip_test_passed=False, packages_select=None, packages_skip=None, packages_select_regex=None, packages_skip_regex=None, packages_start=None, packages_end=None, allow_overriding=[], topological_order=False, names_only=False, paths_only=True, topological_graph=False, topological_graph_dot=False, topological_graph_density=False, topological_graph_legend=False, topological_graph_dot_cluster=False, topological_graph_dot_include_skipped=False, verb_parser=<colcon_defaults.argument_parser.defaults.DefaultArgumentsDecorator object at 0x7f84be718b80>, verb_extension=<colcon_package_information.verb.list.ListVerb object at 0x7f84be905a50>, main=<bound method ListVerb.main of <colcon_package_information.verb.list.ListVerb object at 0x7f84be905a50>>)
[0.483s] Level 1:colcon.colcon_core.package_discovery:discover_packages(colcon_meta) check parameters
[0.483s] Level 1:colcon.colcon_core.package_discovery:discover_packages(recursive) check parameters
[0.483s] Level 1:colcon.colcon_core.package_discovery:discover_packages(ignore) check parameters
[0.484s] Level 1:colcon.colcon_core.package_discovery:discover_packages(path) check parameters
[0.484s] Level 1:colcon.colcon_core.package_discovery:discover_packages(recursive) discover
[0.484s] INFO:colcon.colcon_core.package_discovery:Crawling recursively for packages in '/home/user/ws_humble_urdf'
[0.484s] Level 1:colcon.colcon_core.package_identification:_identify(/home/user/ws_humble_urdf) by extensions ['ignore', 'ignore_ament_install']
[0.484s] Level 1:colcon.colcon_core.package_identification:_identify(/home/user/ws_humble_urdf) by extension 'ignore'
[0.484s] Level 1:colcon.colcon_core.package_identification:_identify(/home/user/ws_humble_urdf) by extension 'ignore_ament_install'
[0.484s] Level 1:colcon.colcon_core.package_identification:_identify(/home/user/ws_humble_urdf) by extensions ['colcon_pkg']
[0.484s] Level 1:colcon.colcon_core.package_identification:_identify(/home/user/ws_humble_urdf) by extension 'colcon_pkg'
[0.484s] Level 1:colcon.colcon_core.package_identification:_identify(/home/user/ws_humble_urdf) by extensions ['colcon_meta']
[0.484s] Level 1:colcon.colcon_core.package_identification:_identify(/home/user/ws_humble_urdf) by extension 'colcon_meta'
[0.484s] Level 1:colcon.colcon_core.package_identification:_identify(/home/user/ws_humble_urdf) by extensions ['ros']
[0.484s] Level 1:colcon.colcon_core.package_identification:_identify(/home/user/ws_humble_urdf) by extension 'ros'
[0.502s] Level 1:colcon.colcon_core.package_identification:_identify(/home/user/ws_humble_urdf) by extensions ['cmake', 'python']
[0.502s] Level 1:colcon.colcon_core.package_identification:_identify(/home/user/ws_humble_urdf) by extension 'cmake'
[0.502s] Level 1:colcon.colcon_core.package_identification:_identify(/home/user/ws_humble_urdf) by extension 'python'
[0.502s] Level 1:colcon.colcon_core.package_identification:_identify(/home/user/ws_humble_urdf) by extensions ['python_setup_py']
[0.502s] Level 1:colcon.colcon_core.package_identification:_identify(/home/user/ws_humble_urdf) by extension 'python_setup_py'
[0.502s] Level 1:colcon.colcon_core.package_identification:_identify(/home/user/ws_humble_urdf/build) by extensions ['ignore', 'ignore_ament_install']
[0.503s] Level 1:colcon.colcon_core.package_identification:_identify(/home/user/ws_humble_urdf/build) by extension 'ignore'
[0.503s] Level 1:colcon.colcon_core.package_identification:_identify(/home/user/ws_humble_urdf/build) ignored
[0.503s] Level 1:colcon.colcon_core.package_identification:_identify(/home/user/ws_humble_urdf/install) by extensions ['ignore', 'ignore_ament_install']
[0.503s] Level 1:colcon.colcon_core.package_identification:_identify(/home/user/ws_humble_urdf/install) by extension 'ignore'
[0.503s] Level 1:colcon.colcon_core.package_identification:_identify(/home/user/ws_humble_urdf/install) ignored
[0.504s] Level 1:colcon.colcon_core.package_identification:_identify(/home/user/ws_humble_urdf/log) by extensions ['ignore', 'ignore_ament_install']
[0.504s] Level 1:colcon.colcon_core.package_identification:_identify(/home/user/ws_humble_urdf/log) by extension 'ignore'
[0.504s] Level 1:colcon.colcon_core.package_identification:_identify(/home/user/ws_humble_urdf/log) ignored
[0.504s] Level 1:colcon.colcon_core.package_identification:_identify(/home/user/ws_humble_urdf/src) by extensions ['ignore', 'ignore_ament_install']
[0.504s] Level 1:colcon.colcon_core.package_identification:_identify(/home/user/ws_humble_urdf/src) by extension 'ignore'
[0.504s] Level 1:colcon.colcon_core.package_identification:_identify(/home/user/ws_humble_urdf/src) by extension 'ignore_ament_install'
[0.504s] Level 1:colcon.colcon_core.package_identification:_identify(/home/user/ws_humble_urdf/src) by extensions ['colcon_pkg']
[0.504s] Level 1:colcon.colcon_core.package_identification:_identify(/home/user/ws_humble_urdf/src) by extension 'colcon_pkg'
[0.505s] Level 1:colcon.colcon_core.package_identification:_identify(/home/user/ws_humble_urdf/src) by extensions ['colcon_meta']
[0.505s] Level 1:colcon.colcon_core.package_identification:_identify(/home/user/ws_humble_urdf/src) by extension 'colcon_meta'
[0.505s] Level 1:colcon.colcon_core.package_identification:_identify(/home/user/ws_humble_urdf/src) by extensions ['ros']
[0.505s] Level 1:colcon.colcon_core.package_identification:_identify(/home/user/ws_humble_urdf/src) by extension 'ros'
[0.505s] Level 1:colcon.colcon_core.package_identification:_identify(/home/user/ws_humble_urdf/src) by extensions ['cmake', 'python']
[0.505s] Level 1:colcon.colcon_core.package_identification:_identify(/home/user/ws_humble_urdf/src) by extension 'cmake'
[0.505s] Level 1:colcon.colcon_core.package_identification:_identify(/home/user/ws_humble_urdf/src) by extension 'python'
[0.505s] Level 1:colcon.colcon_core.package_identification:_identify(/home/user/ws_humble_urdf/src) by extensions ['python_setup_py']
[0.505s] Level 1:colcon.colcon_core.package_identification:_identify(/home/user/ws_humble_urdf/src) by extension 'python_setup_py'
[0.505s] Level 1:colcon.colcon_core.package_identification:_identify(/home/user/ws_humble_urdf/src/urdf_humble_test) by extensions ['ignore', 'ignore_ament_install']
[0.505s] Level 1:colcon.colcon_core.package_identification:_identify(/home/user/ws_humble_urdf/src/urdf_humble_test) by extension 'ignore'
[0.505s] Level 1:colcon.colcon_core.package_identification:_identify(/home/user/ws_humble_urdf/src/urdf_humble_test) by extension 'ignore_ament_install'
[0.506s] Level 1:colcon.colcon_core.package_identification:_identify(/home/user/ws_humble_urdf/src/urdf_humble_test) by extensions ['colcon_pkg']
[0.506s] Level 1:colcon.colcon_core.package_identification:_identify(/home/user/ws_humble_urdf/src/urdf_humble_test) by extension 'colcon_pkg'
[0.506s] Level 1:colcon.colcon_core.package_identification:_identify(/home/user/ws_humble_urdf/src/urdf_humble_test) by extensions ['colcon_meta']
[0.506s] Level 1:colcon.colcon_core.package_identification:_identify(/home/user/ws_humble_urdf/src/urdf_humble_test) by extension 'colcon_meta'
[0.506s] Level 1:colcon.colcon_core.package_identification:_identify(/home/user/ws_humble_urdf/src/urdf_humble_test) by extensions ['ros']
[0.506s] Level 1:colcon.colcon_core.package_identification:_identify(/home/user/ws_humble_urdf/src/urdf_humble_test) by extension 'ros'
[0.510s] DEBUG:colcon.colcon_core.package_identification:Package '/home/user/ws_humble_urdf/src/urdf_humble_test' with type 'ros.ament_cmake' and name 'urdf_humble_test'
[0.511s] Level 1:colcon.colcon_core.package_identification:_identify(/home/user/ws_humble_urdf/src/urdf_py) by extensions ['ignore', 'ignore_ament_install']
[0.511s] Level 1:colcon.colcon_core.package_identification:_identify(/home/user/ws_humble_urdf/src/urdf_py) by extension 'ignore'
[0.511s] Level 1:colcon.colcon_core.package_identification:_identify(/home/user/ws_humble_urdf/src/urdf_py) by extension 'ignore_ament_install'
[0.511s] Level 1:colcon.colcon_core.package_identification:_identify(/home/user/ws_humble_urdf/src/urdf_py) by extensions ['colcon_pkg']
[0.511s] Level 1:colcon.colcon_core.package_identification:_identify(/home/user/ws_humble_urdf/src/urdf_py) by extension 'colcon_pkg'
[0.511s] Level 1:colcon.colcon_core.package_identification:_identify(/home/user/ws_humble_urdf/src/urdf_py) by extensions ['colcon_meta']
[0.511s] Level 1:colcon.colcon_core.package_identification:_identify(/home/user/ws_humble_urdf/src/urdf_py) by extension 'colcon_meta'
[0.511s] Level 1:colcon.colcon_core.package_identification:_identify(/home/user/ws_humble_urdf/src/urdf_py) by extensions ['ros']
[0.511s] Level 1:colcon.colcon_core.package_identification:_identify(/home/user/ws_humble_urdf/src/urdf_py) by extension 'ros'
[0.512s] DEBUG:colcon.colcon_core.package_identification:Package '/home/user/ws_humble_urdf/src/urdf_py' with type 'ros.ament_python' and name 'urdf_py'
[0.512s] Level 1:colcon.colcon_core.package_discovery:discover_packages(recursive) using defaults
