[0.445s] DEBUG:colcon:Command line arguments: ['/usr/bin/colcon', 'build']
[0.445s] DEBUG:colcon:Parsed command line arguments: Namespace(log_base=None, log_level=None, verb_name='build', build_base='build', install_base='install', merge_install=False, symlink_install=False, test_result_base=None, continue_on_error=False, executor='parallel', parallel_workers=16, event_handlers=None, ignore_user_meta=False, metas=['./colcon.meta'], base_paths=['.'], packages_ignore=None, packages_ignore_regex=None, paths=None, packages_up_to=None, packages_up_to_regex=None, packages_above=None, packages_above_and_dependencies=None, packages_above_depth=None, packages_select_by_dep=None, packages_skip_by_dep=None, packages_skip_up_to=None, packages_select_build_failed=False, packages_skip_build_finished=False, packages_select_test_failures=False, packages_skip_test_passed=False, packages_select=None, packages_skip=None, packages_select_regex=None, packages_skip_regex=None, packages_start=None, packages_end=None, allow_overriding=[], cmake_args=None, cmake_target=None, cmake_target_skip_unavailable=False, cmake_clean_cache=False, cmake_clean_first=False, cmake_force_configure=False, ament_cmake_args=None, catkin_cmake_args=None, catkin_skip_building_tests=False, verb_parser=<colcon_defaults.argument_parser.defaults.DefaultArgumentsDecorator object at 0x7ff57b258130>, verb_extension=<colcon_core.verb.build.BuildVerb object at 0x7ff57b4417e0>, main=<bound method BuildVerb.main of <colcon_core.verb.build.BuildVerb object at 0x7ff57b4417e0>>)
[0.931s] Level 1:colcon.colcon_core.package_discovery:discover_packages(colcon_meta) check parameters
[0.931s] Level 1:colcon.colcon_core.package_discovery:discover_packages(recursive) check parameters
[0.931s] Level 1:colcon.colcon_core.package_discovery:discover_packages(ignore) check parameters
[0.931s] Level 1:colcon.colcon_core.package_discovery:discover_packages(path) check parameters
[0.931s] Level 1:colcon.colcon_core.package_discovery:discover_packages(colcon_meta) discover
[0.931s] Level 1:colcon.colcon_core.package_discovery:discover_packages(recursive) discover
[0.931s] INFO:colcon.colcon_core.package_discovery:Crawling recursively for packages in '/home/user/ws_humble_urdf'
[0.932s] Level 1:colcon.colcon_core.package_identification:_identify(.) by extensions ['ignore', 'ignore_ament_install']
[0.932s] Level 1:colcon.colcon_core.package_identification:_identify(.) by extension 'ignore'
[0.932s] Level 1:colcon.colcon_core.package_identification:_identify(.) by extension 'ignore_ament_install'
[0.932s] Level 1:colcon.colcon_core.package_identification:_identify(.) by extensions ['colcon_pkg']
[0.932s] Level 1:colcon.colcon_core.package_identification:_identify(.) by extension 'colcon_pkg'
[0.932s] Level 1:colcon.colcon_core.package_identification:_identify(.) by extensions ['colcon_meta']
[0.932s] Level 1:colcon.colcon_core.package_identification:_identify(.) by extension 'colcon_meta'
[0.932s] Level 1:colcon.colcon_core.package_identification:_identify(.) by extensions ['ros']
[0.932s] Level 1:colcon.colcon_core.package_identification:_identify(.) by extension 'ros'
[0.952s] Level 1:colcon.colcon_core.package_identification:_identify(.) by extensions ['cmake', 'python']
[0.952s] Level 1:colcon.colcon_core.package_identification:_identify(.) by extension 'cmake'
[0.952s] Level 1:colcon.colcon_core.package_identification:_identify(.) by extension 'python'
[0.952s] Level 1:colcon.colcon_core.package_identification:_identify(.) by extensions ['python_setup_py']
[0.952s] Level 1:colcon.colcon_core.package_identification:_identify(.) by extension 'python_setup_py'
[0.953s] Level 1:colcon.colcon_core.package_identification:_identify(build) by extensions ['ignore', 'ignore_ament_install']
[0.953s] Level 1:colcon.colcon_core.package_identification:_identify(build) by extension 'ignore'
[0.953s] Level 1:colcon.colcon_core.package_identification:_identify(build) ignored
[0.954s] Level 1:colcon.colcon_core.package_identification:_identify(install) by extensions ['ignore', 'ignore_ament_install']
[0.954s] Level 1:colcon.colcon_core.package_identification:_identify(install) by extension 'ignore'
[0.954s] Level 1:colcon.colcon_core.package_identification:_identify(install) ignored
[0.954s] Level 1:colcon.colcon_core.package_identification:_identify(log) by extensions ['ignore', 'ignore_ament_install']
[0.954s] Level 1:colcon.colcon_core.package_identification:_identify(log) by extension 'ignore'
[0.954s] Level 1:colcon.colcon_core.package_identification:_identify(log) ignored
[0.954s] Level 1:colcon.colcon_core.package_identification:_identify(src) by extensions ['ignore', 'ignore_ament_install']
[0.955s] Level 1:colcon.colcon_core.package_identification:_identify(src) by extension 'ignore'
[0.955s] Level 1:colcon.colcon_core.package_identification:_identify(src) by extension 'ignore_ament_install'
[0.955s] Level 1:colcon.colcon_core.package_identification:_identify(src) by extensions ['colcon_pkg']
[0.955s] Level 1:colcon.colcon_core.package_identification:_identify(src) by extension 'colcon_pkg'
[0.955s] Level 1:colcon.colcon_core.package_identification:_identify(src) by extensions ['colcon_meta']
[0.955s] Level 1:colcon.colcon_core.package_identification:_identify(src) by extension 'colcon_meta'
[0.955s] Level 1:colcon.colcon_core.package_identification:_identify(src) by extensions ['ros']
[0.955s] Level 1:colcon.colcon_core.package_identification:_identify(src) by extension 'ros'
[0.955s] Level 1:colcon.colcon_core.package_identification:_identify(src) by extensions ['cmake', 'python']
[0.955s] Level 1:colcon.colcon_core.package_identification:_identify(src) by extension 'cmake'
[0.955s] Level 1:colcon.colcon_core.package_identification:_identify(src) by extension 'python'
[0.955s] Level 1:colcon.colcon_core.package_identification:_identify(src) by extensions ['python_setup_py']
[0.955s] Level 1:colcon.colcon_core.package_identification:_identify(src) by extension 'python_setup_py'
[0.956s] Level 1:colcon.colcon_core.package_identification:_identify(src/urdf_humble_test) by extensions ['ignore', 'ignore_ament_install']
[0.956s] Level 1:colcon.colcon_core.package_identification:_identify(src/urdf_humble_test) by extension 'ignore'
[0.956s] Level 1:colcon.colcon_core.package_identification:_identify(src/urdf_humble_test) by extension 'ignore_ament_install'
[0.956s] Level 1:colcon.colcon_core.package_identification:_identify(src/urdf_humble_test) by extensions ['colcon_pkg']
[0.956s] Level 1:colcon.colcon_core.package_identification:_identify(src/urdf_humble_test) by extension 'colcon_pkg'
[0.956s] Level 1:colcon.colcon_core.package_identification:_identify(src/urdf_humble_test) by extensions ['colcon_meta']
[0.956s] Level 1:colcon.colcon_core.package_identification:_identify(src/urdf_humble_test) by extension 'colcon_meta'
[0.956s] Level 1:colcon.colcon_core.package_identification:_identify(src/urdf_humble_test) by extensions ['ros']
[0.956s] Level 1:colcon.colcon_core.package_identification:_identify(src/urdf_humble_test) by extension 'ros'
[0.961s] DEBUG:colcon.colcon_core.package_identification:Package 'src/urdf_humble_test' with type 'ros.ament_cmake' and name 'urdf_humble_test'
[0.961s] Level 1:colcon.colcon_core.package_identification:_identify(src/urdf_py) by extensions ['ignore', 'ignore_ament_install']
[0.961s] Level 1:colcon.colcon_core.package_identification:_identify(src/urdf_py) by extension 'ignore'
[0.961s] Level 1:colcon.colcon_core.package_identification:_identify(src/urdf_py) by extension 'ignore_ament_install'
[0.961s] Level 1:colcon.colcon_core.package_identification:_identify(src/urdf_py) by extensions ['colcon_pkg']
[0.961s] Level 1:colcon.colcon_core.package_identification:_identify(src/urdf_py) by extension 'colcon_pkg'
[0.961s] Level 1:colcon.colcon_core.package_identification:_identify(src/urdf_py) by extensions ['colcon_meta']
[0.961s] Level 1:colcon.colcon_core.package_identification:_identify(src/urdf_py) by extension 'colcon_meta'
[0.961s] Level 1:colcon.colcon_core.package_identification:_identify(src/urdf_py) by extensions ['ros']
[0.961s] Level 1:colcon.colcon_core.package_identification:_identify(src/urdf_py) by extension 'ros'
[0.962s] DEBUG:colcon.colcon_core.package_identification:Package 'src/urdf_py' with type 'ros.ament_python' and name 'urdf_py'
[0.962s] Level 1:colcon.colcon_core.package_discovery:discover_packages(recursive) using defaults
[0.962s] Level 1:colcon.colcon_core.package_discovery:discover_packages(ignore) discover
[0.962s] Level 1:colcon.colcon_core.package_discovery:discover_packages(ignore) using defaults
[0.962s] Level 1:colcon.colcon_core.package_discovery:discover_packages(path) discover
[0.962s] Level 1:colcon.colcon_core.package_discovery:discover_packages(path) using defaults
[1.012s] Level 1:colcon.colcon_core.package_discovery:discover_packages(prefix_path) check parameters
[1.012s] Level 1:colcon.colcon_core.package_discovery:discover_packages(prefix_path) discover
[1.020s] DEBUG:colcon.colcon_installed_package_information.package_discovery:Found 1 installed packages in /home/user/ws_humble_urdf/install
[1.021s] DEBUG:colcon.colcon_installed_package_information.package_discovery:Found 2 installed packages in /home/user/ros2_ws/install
[1.024s] DEBUG:colcon.colcon_installed_package_information.package_discovery:Found 296 installed packages in /opt/ros/humble
[1.025s] Level 1:colcon.colcon_core.package_discovery:discover_packages(prefix_path) using defaults
[1.183s] Level 5:colcon.colcon_core.verb:set package 'urdf_humble_test' build argument 'cmake_args' from command line to 'None'
[1.183s] Level 5:colcon.colcon_core.verb:set package 'urdf_humble_test' build argument 'cmake_target' from command line to 'None'
[1.183s] Level 5:colcon.colcon_core.verb:set package 'urdf_humble_test' build argument 'cmake_target_skip_unavailable' from command line to 'False'
[1.183s] Level 5:colcon.colcon_core.verb:set package 'urdf_humble_test' build argument 'cmake_clean_cache' from command line to 'False'
[1.183s] Level 5:colcon.colcon_core.verb:set package 'urdf_humble_test' build argument 'cmake_clean_first' from command line to 'False'
[1.183s] Level 5:colcon.colcon_core.verb:set package 'urdf_humble_test' build argument 'cmake_force_configure' from command line to 'False'
[1.183s] Level 5:colcon.colcon_core.verb:set package 'urdf_humble_test' build argument 'ament_cmake_args' from command line to 'None'
[1.183s] Level 5:colcon.colcon_core.verb:set package 'urdf_humble_test' build argument 'catkin_cmake_args' from command line to 'None'
[1.183s] Level 5:colcon.colcon_core.verb:set package 'urdf_humble_test' build argument 'catkin_skip_building_tests' from command line to 'False'
[1.183s] DEBUG:colcon.colcon_core.verb:Building package 'urdf_humble_test' with the following arguments: {'ament_cmake_args': None, 'build_base': '/home/user/ws_humble_urdf/build/urdf_humble_test', 'catkin_cmake_args': None, 'catkin_skip_building_tests': False, 'cmake_args': None, 'cmake_clean_cache': False, 'cmake_clean_first': False, 'cmake_force_configure': False, 'cmake_target': None, 'cmake_target_skip_unavailable': False, 'install_base': '/home/user/ws_humble_urdf/install/urdf_humble_test', 'merge_install': False, 'path': '/home/user/ws_humble_urdf/src/urdf_humble_test', 'symlink_install': False, 'test_result_base': None}
[1.183s] Level 5:colcon.colcon_core.verb:set package 'urdf_py' build argument 'cmake_args' from command line to 'None'
[1.183s] Level 5:colcon.colcon_core.verb:set package 'urdf_py' build argument 'cmake_target' from command line to 'None'
[1.183s] Level 5:colcon.colcon_core.verb:set package 'urdf_py' build argument 'cmake_target_skip_unavailable' from command line to 'False'
[1.183s] Level 5:colcon.colcon_core.verb:set package 'urdf_py' build argument 'cmake_clean_cache' from command line to 'False'
[1.183s] Level 5:colcon.colcon_core.verb:set package 'urdf_py' build argument 'cmake_clean_first' from command line to 'False'
[1.183s] Level 5:colcon.colcon_core.verb:set package 'urdf_py' build argument 'cmake_force_configure' from command line to 'False'
[1.184s] Level 5:colcon.colcon_core.verb:set package 'urdf_py' build argument 'ament_cmake_args' from command line to 'None'
[1.184s] Level 5:colcon.colcon_core.verb:set package 'urdf_py' build argument 'catkin_cmake_args' from command line to 'None'
[1.184s] Level 5:colcon.colcon_core.verb:set package 'urdf_py' build argument 'catkin_skip_building_tests' from command line to 'False'
[1.184s] DEBUG:colcon.colcon_core.verb:Building package 'urdf_py' with the following arguments: {'ament_cmake_args': None, 'build_base': '/home/user/ws_humble_urdf/build/urdf_py', 'catkin_cmake_args': None, 'catkin_skip_building_tests': False, 'cmake_args': None, 'cmake_clean_cache': False, 'cmake_clean_first': False, 'cmake_force_configure': False, 'cmake_target': None, 'cmake_target_skip_unavailable': False, 'install_base': '/home/user/ws_humble_urdf/install/urdf_py', 'merge_install': False, 'path': '/home/user/ws_humble_urdf/src/urdf_py', 'symlink_install': False, 'test_result_base': None}
[1.184s] INFO:colcon.colcon_core.executor:Executing jobs using 'parallel' executor
[1.185s] DEBUG:colcon.colcon_parallel_executor.executor.parallel:run_until_complete
[1.185s] INFO:colcon.colcon_ros.task.ament_cmake.build:Building ROS package in '/home/user/ws_humble_urdf/src/urdf_humble_test' with build type 'ament_cmake'
[1.185s] INFO:colcon.colcon_cmake.task.cmake.build:Building CMake package in '/home/user/ws_humble_urdf/src/urdf_humble_test'
[1.193s] INFO:colcon.colcon_core.plugin_system:Skipping extension 'colcon_core.shell.bat': Not used on non-Windows systems
[1.193s] INFO:colcon.colcon_core.shell:Skip shell extension 'powershell' for command environment: Not usable outside of PowerShell
[1.193s] DEBUG:colcon.colcon_core.shell:Skip shell extension 'dsv' for command environment
[1.199s] INFO:colcon.colcon_ros.task.ament_python.build:Building ROS package in '/home/user/ws_humble_urdf/src/urdf_py' with build type 'ament_python'
[1.199s] Level 1:colcon.colcon_core.shell:create_environment_hook('urdf_py', 'ament_prefix_path')
[1.200s] INFO:colcon.colcon_core.shell:Creating environment hook '/home/user/ws_humble_urdf/install/urdf_py/share/urdf_py/hook/ament_prefix_path.ps1'
[1.203s] INFO:colcon.colcon_core.shell:Creating environment descriptor '/home/user/ws_humble_urdf/install/urdf_py/share/urdf_py/hook/ament_prefix_path.dsv'
[1.204s] INFO:colcon.colcon_core.shell:Creating environment hook '/home/user/ws_humble_urdf/install/urdf_py/share/urdf_py/hook/ament_prefix_path.sh'
[1.205s] INFO:colcon.colcon_core.shell:Skip shell extension 'powershell' for command environment: Not usable outside of PowerShell
[1.205s] DEBUG:colcon.colcon_core.shell:Skip shell extension 'dsv' for command environment
[1.223s] DEBUG:colcon.colcon_core.event_handler.log_command:Invoking command in '/home/user/ws_humble_urdf/build/urdf_humble_test': CMAKE_PREFIX_PATH=${CMAKE_PREFIX_PATH}:/home/user/ros2_ws/install/my_robot_controller:/opt/ros/humble /usr/bin/cmake --build /home/user/ws_humble_urdf/build/urdf_humble_test -- -j16 -l16
[1.511s] INFO:colcon.colcon_core.task.python.build:Building Python package in '/home/user/ws_humble_urdf/src/urdf_py'
[1.511s] INFO:colcon.colcon_core.shell:Skip shell extension 'powershell' for command environment: Not usable outside of PowerShell
[1.511s] DEBUG:colcon.colcon_core.shell:Skip shell extension 'dsv' for command environment
[1.651s] DEBUG:colcon.colcon_core.event_handler.log_command:Invoked command in '/home/user/ws_humble_urdf/build/urdf_humble_test' returned '0': CMAKE_PREFIX_PATH=${CMAKE_PREFIX_PATH}:/home/user/ros2_ws/install/my_robot_controller:/opt/ros/humble /usr/bin/cmake --build /home/user/ws_humble_urdf/build/urdf_humble_test -- -j16 -l16
[1.660s] DEBUG:colcon.colcon_core.event_handler.log_command:Invoking command in '/home/user/ws_humble_urdf/build/urdf_humble_test': CMAKE_PREFIX_PATH=${CMAKE_PREFIX_PATH}:/home/user/ros2_ws/install/my_robot_controller:/opt/ros/humble /usr/bin/cmake --install /home/user/ws_humble_urdf/build/urdf_humble_test
[1.675s] Level 1:colcon.colcon_core.environment:create_environment_scripts_only(urdf_humble_test)
[1.676s] DEBUG:colcon.colcon_core.event_handler.log_command:Invoked command in '/home/user/ws_humble_urdf/build/urdf_humble_test' returned '0': CMAKE_PREFIX_PATH=${CMAKE_PREFIX_PATH}:/home/user/ros2_ws/install/my_robot_controller:/opt/ros/humble /usr/bin/cmake --install /home/user/ws_humble_urdf/build/urdf_humble_test
[1.685s] Level 1:colcon.colcon_core.environment:checking '/home/user/ws_humble_urdf/install/urdf_humble_test' for CMake module files
[1.686s] Level 1:colcon.colcon_core.environment:checking '/home/user/ws_humble_urdf/install/urdf_humble_test' for CMake config files
[1.687s] Level 1:colcon.colcon_core.shell:create_environment_hook('urdf_humble_test', 'cmake_prefix_path')
[1.687s] INFO:colcon.colcon_core.shell:Creating environment hook '/home/user/ws_humble_urdf/install/urdf_humble_test/share/urdf_humble_test/hook/cmake_prefix_path.ps1'
[1.687s] INFO:colcon.colcon_core.shell:Creating environment descriptor '/home/user/ws_humble_urdf/install/urdf_humble_test/share/urdf_humble_test/hook/cmake_prefix_path.dsv'
[1.688s] INFO:colcon.colcon_core.shell:Creating environment hook '/home/user/ws_humble_urdf/install/urdf_humble_test/share/urdf_humble_test/hook/cmake_prefix_path.sh'
[1.688s] Level 1:colcon.colcon_core.environment:checking '/home/user/ws_humble_urdf/install/urdf_humble_test/bin'
[1.688s] Level 1:colcon.colcon_core.environment:checking '/home/user/ws_humble_urdf/install/urdf_humble_test/lib/pkgconfig/urdf_humble_test.pc'
[1.688s] Level 1:colcon.colcon_core.environment:checking '/home/user/ws_humble_urdf/install/urdf_humble_test/lib/python3.10/site-packages'
[1.689s] Level 1:colcon.colcon_core.environment:checking '/home/user/ws_humble_urdf/install/urdf_humble_test/bin'
[1.689s] INFO:colcon.colcon_core.shell:Creating package script '/home/user/ws_humble_urdf/install/urdf_humble_test/share/urdf_humble_test/package.ps1'
[1.691s] INFO:colcon.colcon_core.shell:Creating package descriptor '/home/user/ws_humble_urdf/install/urdf_humble_test/share/urdf_humble_test/package.dsv'
[1.692s] INFO:colcon.colcon_core.shell:Creating package script '/home/user/ws_humble_urdf/install/urdf_humble_test/share/urdf_humble_test/package.sh'
[1.693s] INFO:colcon.colcon_core.shell:Creating package script '/home/user/ws_humble_urdf/install/urdf_humble_test/share/urdf_humble_test/package.bash'
[1.695s] INFO:colcon.colcon_core.shell:Creating package script '/home/user/ws_humble_urdf/install/urdf_humble_test/share/urdf_humble_test/package.zsh'
[1.696s] Level 1:colcon.colcon_core.environment:create_file_with_runtime_dependencies(/home/user/ws_humble_urdf/install/urdf_humble_test/share/colcon-core/packages/urdf_humble_test)
[1.696s] Level 1:colcon.colcon_core.environment:create_environment_scripts_only(urdf_humble_test)
[1.696s] Level 1:colcon.colcon_core.environment:checking '/home/user/ws_humble_urdf/install/urdf_humble_test' for CMake module files
[1.697s] Level 1:colcon.colcon_core.environment:checking '/home/user/ws_humble_urdf/install/urdf_humble_test' for CMake config files
[1.697s] Level 1:colcon.colcon_core.shell:create_environment_hook('urdf_humble_test', 'cmake_prefix_path')
[1.697s] INFO:colcon.colcon_core.shell:Creating environment hook '/home/user/ws_humble_urdf/install/urdf_humble_test/share/urdf_humble_test/hook/cmake_prefix_path.ps1'
[1.698s] INFO:colcon.colcon_core.shell:Creating environment descriptor '/home/user/ws_humble_urdf/install/urdf_humble_test/share/urdf_humble_test/hook/cmake_prefix_path.dsv'
[1.698s] INFO:colcon.colcon_core.shell:Creating environment hook '/home/user/ws_humble_urdf/install/urdf_humble_test/share/urdf_humble_test/hook/cmake_prefix_path.sh'
[1.698s] Level 1:colcon.colcon_core.environment:checking '/home/user/ws_humble_urdf/install/urdf_humble_test/bin'
[1.698s] Level 1:colcon.colcon_core.environment:checking '/home/user/ws_humble_urdf/install/urdf_humble_test/lib/pkgconfig/urdf_humble_test.pc'
[1.699s] Level 1:colcon.colcon_core.environment:checking '/home/user/ws_humble_urdf/install/urdf_humble_test/lib/python3.10/site-packages'
[1.699s] Level 1:colcon.colcon_core.environment:checking '/home/user/ws_humble_urdf/install/urdf_humble_test/bin'
[1.699s] INFO:colcon.colcon_core.shell:Creating package script '/home/user/ws_humble_urdf/install/urdf_humble_test/share/urdf_humble_test/package.ps1'
[1.699s] INFO:colcon.colcon_core.shell:Creating package descriptor '/home/user/ws_humble_urdf/install/urdf_humble_test/share/urdf_humble_test/package.dsv'
[1.700s] INFO:colcon.colcon_core.shell:Creating package script '/home/user/ws_humble_urdf/install/urdf_humble_test/share/urdf_humble_test/package.sh'
[1.701s] INFO:colcon.colcon_core.shell:Creating package script '/home/user/ws_humble_urdf/install/urdf_humble_test/share/urdf_humble_test/package.bash'
[1.701s] INFO:colcon.colcon_core.shell:Creating package script '/home/user/ws_humble_urdf/install/urdf_humble_test/share/urdf_humble_test/package.zsh'
[1.701s] Level 1:colcon.colcon_core.environment:create_file_with_runtime_dependencies(/home/user/ws_humble_urdf/install/urdf_humble_test/share/colcon-core/packages/urdf_humble_test)
[2.158s] DEBUG:colcon.colcon_core.event_handler.log_command:Invoking command in '/home/user/ws_humble_urdf/src/urdf_py': PYTHONPATH=/home/user/ws_humble_urdf/build/urdf_py/prefix_override:/usr/lib/python3/dist-packages/colcon_core/task/python/colcon_distutils_commands:/home/user/ws_humble_urdf/install/urdf_py/lib/python3.10/site-packages:${PYTHONPATH} /usr/bin/python3 -W ignore:setup.py install is deprecated -W ignore:easy_install command is deprecated setup.py egg_info --egg-base ../../build/urdf_py build --build-base /home/user/ws_humble_urdf/build/urdf_py/build install --record /home/user/ws_humble_urdf/build/urdf_py/install.log --single-version-externally-managed install_data
[2.423s] Level 1:colcon.colcon_core.environment:checking '/home/user/ws_humble_urdf/install/urdf_py' for CMake module files
[2.424s] DEBUG:colcon.colcon_core.event_handler.log_command:Invoked command in '/home/user/ws_humble_urdf/src/urdf_py' returned '0': PYTHONPATH=/home/user/ws_humble_urdf/build/urdf_py/prefix_override:/usr/lib/python3/dist-packages/colcon_core/task/python/colcon_distutils_commands:/home/user/ws_humble_urdf/install/urdf_py/lib/python3.10/site-packages:${PYTHONPATH} /usr/bin/python3 -W ignore:setup.py install is deprecated -W ignore:easy_install command is deprecated setup.py egg_info --egg-base ../../build/urdf_py build --build-base /home/user/ws_humble_urdf/build/urdf_py/build install --record /home/user/ws_humble_urdf/build/urdf_py/install.log --single-version-externally-managed install_data
[2.424s] Level 1:colcon.colcon_core.environment:checking '/home/user/ws_humble_urdf/install/urdf_py' for CMake config files
[2.425s] Level 1:colcon.colcon_core.environment:checking '/home/user/ws_humble_urdf/install/urdf_py/lib'
[2.425s] Level 1:colcon.colcon_core.environment:checking '/home/user/ws_humble_urdf/install/urdf_py/bin'
[2.425s] Level 1:colcon.colcon_core.environment:checking '/home/user/ws_humble_urdf/install/urdf_py/lib/pkgconfig/urdf_py.pc'
[2.425s] Level 1:colcon.colcon_core.environment:checking '/home/user/ws_humble_urdf/install/urdf_py/lib/python3.10/site-packages'
[2.425s] Level 1:colcon.colcon_core.shell:create_environment_hook('urdf_py', 'pythonpath')
[2.425s] INFO:colcon.colcon_core.shell:Creating environment hook '/home/user/ws_humble_urdf/install/urdf_py/share/urdf_py/hook/pythonpath.ps1'
[2.426s] INFO:colcon.colcon_core.shell:Creating environment descriptor '/home/user/ws_humble_urdf/install/urdf_py/share/urdf_py/hook/pythonpath.dsv'
[2.426s] INFO:colcon.colcon_core.shell:Creating environment hook '/home/user/ws_humble_urdf/install/urdf_py/share/urdf_py/hook/pythonpath.sh'
[2.427s] Level 1:colcon.colcon_core.environment:checking '/home/user/ws_humble_urdf/install/urdf_py/bin'
[2.427s] Level 1:colcon.colcon_core.environment:create_environment_scripts_only(urdf_py)
[2.427s] INFO:colcon.colcon_core.shell:Creating package script '/home/user/ws_humble_urdf/install/urdf_py/share/urdf_py/package.ps1'
[2.428s] INFO:colcon.colcon_core.shell:Creating package descriptor '/home/user/ws_humble_urdf/install/urdf_py/share/urdf_py/package.dsv'
[2.428s] INFO:colcon.colcon_core.shell:Creating package script '/home/user/ws_humble_urdf/install/urdf_py/share/urdf_py/package.sh'
[2.429s] INFO:colcon.colcon_core.shell:Creating package script '/home/user/ws_humble_urdf/install/urdf_py/share/urdf_py/package.bash'
[2.429s] INFO:colcon.colcon_core.shell:Creating package script '/home/user/ws_humble_urdf/install/urdf_py/share/urdf_py/package.zsh'
[2.429s] Level 1:colcon.colcon_core.environment:create_file_with_runtime_dependencies(/home/user/ws_humble_urdf/install/urdf_py/share/colcon-core/packages/urdf_py)
[2.430s] DEBUG:colcon.colcon_parallel_executor.executor.parallel:closing loop
[2.431s] DEBUG:colcon.colcon_parallel_executor.executor.parallel:loop closed
[2.431s] DEBUG:colcon.colcon_parallel_executor.executor.parallel:run_until_complete finished with '0'
[2.431s] DEBUG:colcon.colcon_core.event_reactor:joining thread
[2.506s] INFO:colcon.colcon_core.plugin_system:Skipping extension 'colcon_notification.desktop_notification.notify_send': Could not find 'notify-send'
[2.506s] INFO:colcon.colcon_core.plugin_system:Skipping extension 'colcon_notification.desktop_notification.terminal_notifier': Not used on non-Darwin systems
[2.506s] INFO:colcon.colcon_core.plugin_system:Skipping extension 'colcon_notification.desktop_notification.win32': Not used on non-Windows systems
[2.506s] INFO:colcon.colcon_notification.desktop_notification:Sending desktop notification using 'notify2'
[2.510s] DEBUG:colcon.colcon_notification.desktop_notification.notify2:Failed to initialize notify2: org.freedesktop.DBus.Error.ServiceUnknown: The name org.freedesktop.Notifications was not provided by any .service files
[2.510s] DEBUG:colcon.colcon_core.event_reactor:joined thread
[2.511s] INFO:colcon.colcon_core.shell:Creating prefix script '/home/user/ws_humble_urdf/install/local_setup.ps1'
[2.513s] INFO:colcon.colcon_core.shell:Creating prefix util module '/home/user/ws_humble_urdf/install/_local_setup_util_ps1.py'
[2.516s] INFO:colcon.colcon_core.shell:Creating prefix chain script '/home/user/ws_humble_urdf/install/setup.ps1'
[2.517s] INFO:colcon.colcon_core.shell:Creating prefix script '/home/user/ws_humble_urdf/install/local_setup.sh'
[2.518s] INFO:colcon.colcon_core.shell:Creating prefix util module '/home/user/ws_humble_urdf/install/_local_setup_util_sh.py'
[2.519s] INFO:colcon.colcon_core.shell:Creating prefix chain script '/home/user/ws_humble_urdf/install/setup.sh'
[2.520s] INFO:colcon.colcon_core.shell:Creating prefix script '/home/user/ws_humble_urdf/install/local_setup.bash'
[2.521s] INFO:colcon.colcon_core.shell:Creating prefix chain script '/home/user/ws_humble_urdf/install/setup.bash'
[2.523s] INFO:colcon.colcon_core.shell:Creating prefix script '/home/user/ws_humble_urdf/install/local_setup.zsh'
[2.524s] INFO:colcon.colcon_core.shell:Creating prefix chain script '/home/user/ws_humble_urdf/install/setup.zsh'
